{"C:\\Users\\ahmed\\Desktop\\NodeJS\\projects\\car-parts-backend\\app.js": {"path":"C:\\Users\\ahmed\\Desktop\\NodeJS\\projects\\car-parts-backend\\app.js","statementMap":{"0":{"start":{"line":3,"column":13},"end":{"line":3,"column":28}},"1":{"start":{"line":6,"column":0},"end":{"line":6,"column":27}},"2":{"start":{"line":9,"column":16},"end":{"line":9,"column":34}},"3":{"start":{"line":10,"column":15},"end":{"line":10,"column":32}},"4":{"start":{"line":11,"column":21},"end":{"line":11,"column":45}},"5":{"start":{"line":12,"column":19},"end":{"line":12,"column":41}},"6":{"start":{"line":13,"column":13},"end":{"line":13,"column":28}},"7":{"start":{"line":14,"column":20},"end":{"line":14,"column":42}},"8":{"start":{"line":15,"column":18},"end":{"line":15,"column":47}},"9":{"start":{"line":16,"column":12},"end":{"line":16,"column":26}},"10":{"start":{"line":17,"column":22},"end":{"line":17,"column":55}},"11":{"start":{"line":18,"column":12},"end":{"line":18,"column":32}},"12":{"start":{"line":20,"column":27},"end":{"line":20,"column":64}},"13":{"start":{"line":21,"column":17},"end":{"line":21,"column":44}},"14":{"start":{"line":24,"column":20},"end":{"line":24,"column":45}},"15":{"start":{"line":25,"column":28},"end":{"line":25,"column":69}},"16":{"start":{"line":30,"column":12},"end":{"line":30,"column":21}},"17":{"start":{"line":33,"column":0},"end":{"line":37,"column":2}},"18":{"start":{"line":42,"column":0},"end":{"line":42,"column":41}},"19":{"start":{"line":45,"column":0},"end":{"line":45,"column":25}},"20":{"start":{"line":48,"column":0},"end":{"line":48,"column":15}},"21":{"start":{"line":51,"column":0},"end":{"line":51,"column":57}},"22":{"start":{"line":54,"column":0},"end":{"line":54,"column":48}},"23":{"start":{"line":57,"column":0},"end":{"line":57,"column":24}},"24":{"start":{"line":59,"column":0},"end":{"line":59,"column":16}},"25":{"start":{"line":60,"column":0},"end":{"line":60,"column":25}},"26":{"start":{"line":61,"column":0},"end":{"line":61,"column":23}},"27":{"start":{"line":64,"column":16},"end":{"line":68,"column":2}},"28":{"start":{"line":69,"column":0},"end":{"line":69,"column":25}},"29":{"start":{"line":72,"column":0},"end":{"line":82,"column":2}},"30":{"start":{"line":85,"column":0},"end":{"line":85,"column":67}},"31":{"start":{"line":85,"column":44},"end":{"line":85,"column":67}},"32":{"start":{"line":88,"column":0},"end":{"line":88,"column":17}},"33":{"start":{"line":91,"column":0},"end":{"line":93,"column":3}},"34":{"start":{"line":92,"column":2},"end":{"line":92,"column":75}},"35":{"start":{"line":96,"column":0},"end":{"line":96,"column":28}},"36":{"start":{"line":98,"column":0},"end":{"line":98,"column":21}}},"fnMap":{"0":{"name":"(anonymous_0)","decl":{"start":{"line":91,"column":13},"end":{"line":91,"column":14}},"loc":{"start":{"line":91,"column":33},"end":{"line":93,"column":1}},"line":91}},"branchMap":{"0":{"loc":{"start":{"line":85,"column":0},"end":{"line":85,"column":67}},"type":"if","locations":[{"start":{"line":85,"column":0},"end":{"line":85,"column":67}},{"start":{},"end":{}}],"line":85}},"s":{"0":1,"1":1,"2":1,"3":1,"4":1,"5":1,"6":1,"7":1,"8":1,"9":1,"10":1,"11":1,"12":1,"13":1,"14":1,"15":1,"16":1,"17":1,"18":1,"19":1,"20":1,"21":1,"22":1,"23":1,"24":1,"25":1,"26":1,"27":1,"28":1,"29":1,"30":1,"31":0,"32":1,"33":1,"34":0,"35":1,"36":1},"f":{"0":0},"b":{"0":[0,1]},"_coverageSchema":"1a1c01bbd47fc00a2c39e90264f33305004495a9","hash":"f06f6b9345e40ee03f19cbe968f3c1ea8119d546"}
,"C:\\Users\\ahmed\\Desktop\\NodeJS\\projects\\car-parts-backend\\controllers\\addressControllers.js": {"path":"C:\\Users\\ahmed\\Desktop\\NodeJS\\projects\\car-parts-backend\\controllers\\addressControllers.js","statementMap":{"0":{"start":{"line":1,"column":19},"end":{"line":1,"column":49}},"1":{"start":{"line":2,"column":13},"end":{"line":2,"column":43}},"2":{"start":{"line":4,"column":0},"end":{"line":20,"column":3}},"3":{"start":{"line":6,"column":15},"end":{"line":13,"column":3}},"4":{"start":{"line":15,"column":2},"end":{"line":19,"column":5}},"5":{"start":{"line":22,"column":0},"end":{"line":38,"column":3}},"6":{"start":{"line":24,"column":15},"end":{"line":31,"column":3}},"7":{"start":{"line":33,"column":2},"end":{"line":37,"column":5}},"8":{"start":{"line":40,"column":0},"end":{"line":48,"column":3}},"9":{"start":{"line":41,"column":15},"end":{"line":41,"column":70}},"10":{"start":{"line":43,"column":2},"end":{"line":47,"column":5}}},"fnMap":{"0":{"name":"(anonymous_0)","decl":{"start":{"line":4,"column":32},"end":{"line":4,"column":33}},"loc":{"start":{"line":4,"column":58},"end":{"line":20,"column":1}},"line":4},"1":{"name":"(anonymous_1)","decl":{"start":{"line":22,"column":35},"end":{"line":22,"column":36}},"loc":{"start":{"line":22,"column":61},"end":{"line":38,"column":1}},"line":22},"2":{"name":"(anonymous_2)","decl":{"start":{"line":40,"column":44},"end":{"line":40,"column":45}},"loc":{"start":{"line":40,"column":70},"end":{"line":48,"column":1}},"line":40}},"branchMap":{},"s":{"0":1,"1":1,"2":1,"3":0,"4":0,"5":1,"6":0,"7":0,"8":1,"9":0,"10":0},"f":{"0":0,"1":0,"2":0},"b":{},"_coverageSchema":"1a1c01bbd47fc00a2c39e90264f33305004495a9","hash":"aa0b8eba73afbfc7ca8b1b4345ca0369dcc7d1fb"}
,"C:\\Users\\ahmed\\Desktop\\NodeJS\\projects\\car-parts-backend\\controllers\\authControllers.js": {"path":"C:\\Users\\ahmed\\Desktop\\NodeJS\\projects\\car-parts-backend\\controllers\\authControllers.js","statementMap":{"0":{"start":{"line":1,"column":15},"end":{"line":1,"column":32}},"1":{"start":{"line":2,"column":12},"end":{"line":2,"column":35}},"2":{"start":{"line":3,"column":22},"end":{"line":3,"column":37}},"3":{"start":{"line":4,"column":13},"end":{"line":4,"column":43}},"4":{"start":{"line":5,"column":19},"end":{"line":5,"column":49}},"5":{"start":{"line":6,"column":17},"end":{"line":6,"column":45}},"6":{"start":{"line":7,"column":18},"end":{"line":7,"column":47}},"7":{"start":{"line":9,"column":23},"end":{"line":14,"column":1}},"8":{"start":{"line":10,"column":16},"end":{"line":12,"column":4}},"9":{"start":{"line":13,"column":2},"end":{"line":13,"column":15}},"10":{"start":{"line":16,"column":27},"end":{"line":37,"column":1}},"11":{"start":{"line":18,"column":16},"end":{"line":18,"column":40}},"12":{"start":{"line":20,"column":24},"end":{"line":26,"column":3}},"13":{"start":{"line":29,"column":2},"end":{"line":29,"column":42}},"14":{"start":{"line":32,"column":2},"end":{"line":36,"column":5}},"15":{"start":{"line":39,"column":0},"end":{"line":55,"column":3}},"16":{"start":{"line":40,"column":36},"end":{"line":40,"column":44}},"17":{"start":{"line":47,"column":15},"end":{"line":51,"column":4}},"18":{"start":{"line":54,"column":2},"end":{"line":54,"column":42}},"19":{"start":{"line":57,"column":0},"end":{"line":72,"column":3}},"20":{"start":{"line":58,"column":30},"end":{"line":58,"column":38}},"21":{"start":{"line":63,"column":15},"end":{"line":63,"column":64}},"22":{"start":{"line":66,"column":2},"end":{"line":68,"column":3}},"23":{"start":{"line":67,"column":4},"end":{"line":67,"column":66}},"24":{"start":{"line":71,"column":2},"end":{"line":71,"column":42}},"25":{"start":{"line":74,"column":0},"end":{"line":86,"column":3}},"26":{"start":{"line":76,"column":2},"end":{"line":80,"column":5}},"27":{"start":{"line":83,"column":2},"end":{"line":85,"column":69}},"28":{"start":{"line":89,"column":0},"end":{"line":131,"column":3}},"29":{"start":{"line":93,"column":2},"end":{"line":100,"column":3}},"30":{"start":{"line":94,"column":4},"end":{"line":94,"column":28}},"31":{"start":{"line":95,"column":9},"end":{"line":100,"column":3}},"32":{"start":{"line":99,"column":4},"end":{"line":99,"column":52}},"33":{"start":{"line":103,"column":2},"end":{"line":107,"column":3}},"34":{"start":{"line":104,"column":4},"end":{"line":106,"column":6}},"35":{"start":{"line":110,"column":18},"end":{"line":110,"column":76}},"36":{"start":{"line":113,"column":15},"end":{"line":113,"column":46}},"37":{"start":{"line":116,"column":2},"end":{"line":120,"column":3}},"38":{"start":{"line":117,"column":4},"end":{"line":119,"column":6}},"39":{"start":{"line":123,"column":2},"end":{"line":126,"column":6}},"40":{"start":{"line":124,"column":4},"end":{"line":126,"column":6}},"41":{"start":{"line":129,"column":2},"end":{"line":129,"column":18}},"42":{"start":{"line":130,"column":2},"end":{"line":130,"column":9}},"43":{"start":{"line":134,"column":0},"end":{"line":145,"column":4}},"44":{"start":{"line":136,"column":2},"end":{"line":145,"column":3}},"45":{"start":{"line":138,"column":4},"end":{"line":142,"column":5}},"46":{"start":{"line":139,"column":6},"end":{"line":141,"column":8}},"47":{"start":{"line":144,"column":4},"end":{"line":144,"column":11}},"48":{"start":{"line":147,"column":0},"end":{"line":191,"column":3}},"49":{"start":{"line":148,"column":20},"end":{"line":148,"column":28}},"50":{"start":{"line":150,"column":2},"end":{"line":150,"column":72}},"51":{"start":{"line":150,"column":14},"end":{"line":150,"column":72}},"52":{"start":{"line":153,"column":15},"end":{"line":153,"column":44}},"53":{"start":{"line":155,"column":2},"end":{"line":155,"column":63}},"54":{"start":{"line":155,"column":13},"end":{"line":155,"column":63}},"55":{"start":{"line":158,"column":20},"end":{"line":158,"column":50}},"56":{"start":{"line":159,"column":2},"end":{"line":159,"column":49}},"57":{"start":{"line":161,"column":22},"end":{"line":161,"column":193}},"58":{"start":{"line":162,"column":22},"end":{"line":168,"column":5}},"59":{"start":{"line":171,"column":2},"end":{"line":185,"column":3}},"60":{"start":{"line":172,"column":4},"end":{"line":177,"column":7}},"61":{"start":{"line":179,"column":4},"end":{"line":179,"column":39}},"62":{"start":{"line":180,"column":4},"end":{"line":180,"column":42}},"63":{"start":{"line":181,"column":4},"end":{"line":181,"column":43}},"64":{"start":{"line":182,"column":4},"end":{"line":182,"column":22}},"65":{"start":{"line":184,"column":4},"end":{"line":184,"column":75}},"66":{"start":{"line":187,"column":2},"end":{"line":190,"column":5}},"67":{"start":{"line":193,"column":0},"end":{"line":225,"column":3}},"68":{"start":{"line":195,"column":2},"end":{"line":197,"column":3}},"69":{"start":{"line":196,"column":4},"end":{"line":196,"column":66}},"70":{"start":{"line":200,"column":26},"end":{"line":203,"column":18}},"71":{"start":{"line":206,"column":15},"end":{"line":209,"column":4}},"72":{"start":{"line":212,"column":2},"end":{"line":214,"column":3}},"73":{"start":{"line":213,"column":4},"end":{"line":213,"column":68}},"74":{"start":{"line":217,"column":2},"end":{"line":217,"column":36}},"75":{"start":{"line":218,"column":2},"end":{"line":218,"column":20}},"76":{"start":{"line":221,"column":2},"end":{"line":224,"column":5}},"77":{"start":{"line":227,"column":0},"end":{"line":277,"column":3}},"78":{"start":{"line":228,"column":50},"end":{"line":228,"column":58}},"79":{"start":{"line":230,"column":2},"end":{"line":230,"column":73}},"80":{"start":{"line":230,"column":14},"end":{"line":230,"column":73}},"81":{"start":{"line":232,"column":2},"end":{"line":236,"column":3}},"82":{"start":{"line":233,"column":4},"end":{"line":235,"column":6}},"83":{"start":{"line":239,"column":15},"end":{"line":239,"column":60}},"84":{"start":{"line":241,"column":2},"end":{"line":244,"column":6}},"85":{"start":{"line":242,"column":4},"end":{"line":244,"column":6}},"86":{"start":{"line":247,"column":2},"end":{"line":248,"column":75}},"87":{"start":{"line":248,"column":4},"end":{"line":248,"column":75}},"88":{"start":{"line":250,"column":2},"end":{"line":251,"column":61}},"89":{"start":{"line":251,"column":4},"end":{"line":251,"column":61}},"90":{"start":{"line":254,"column":2},"end":{"line":254,"column":30}},"91":{"start":{"line":255,"column":2},"end":{"line":255,"column":37}},"92":{"start":{"line":256,"column":2},"end":{"line":256,"column":40}},"93":{"start":{"line":257,"column":2},"end":{"line":257,"column":41}},"94":{"start":{"line":258,"column":2},"end":{"line":258,"column":20}},"95":{"start":{"line":261,"column":16},"end":{"line":261,"column":40}},"96":{"start":{"line":262,"column":24},"end":{"line":268,"column":3}},"97":{"start":{"line":270,"column":2},"end":{"line":270,"column":42}},"98":{"start":{"line":272,"column":2},"end":{"line":276,"column":5}}},"fnMap":{"0":{"name":"(anonymous_0)","decl":{"start":{"line":9,"column":23},"end":{"line":9,"column":24}},"loc":{"start":{"line":9,"column":31},"end":{"line":14,"column":1}},"line":9},"1":{"name":"(anonymous_1)","decl":{"start":{"line":16,"column":27},"end":{"line":16,"column":28}},"loc":{"start":{"line":16,"column":55},"end":{"line":37,"column":1}},"line":16},"2":{"name":"(anonymous_2)","decl":{"start":{"line":39,"column":28},"end":{"line":39,"column":29}},"loc":{"start":{"line":39,"column":54},"end":{"line":55,"column":1}},"line":39},"3":{"name":"(anonymous_3)","decl":{"start":{"line":57,"column":27},"end":{"line":57,"column":28}},"loc":{"start":{"line":57,"column":53},"end":{"line":72,"column":1}},"line":57},"4":{"name":"(anonymous_4)","decl":{"start":{"line":74,"column":28},"end":{"line":74,"column":29}},"loc":{"start":{"line":74,"column":54},"end":{"line":86,"column":1}},"line":74},"5":{"name":"(anonymous_5)","decl":{"start":{"line":89,"column":29},"end":{"line":89,"column":30}},"loc":{"start":{"line":89,"column":55},"end":{"line":131,"column":1}},"line":89},"6":{"name":"(anonymous_6)","decl":{"start":{"line":135,"column":2},"end":{"line":135,"column":3}},"loc":{"start":{"line":136,"column":2},"end":{"line":145,"column":3}},"line":136},"7":{"name":"(anonymous_7)","decl":{"start":{"line":136,"column":2},"end":{"line":136,"column":3}},"loc":{"start":{"line":136,"column":22},"end":{"line":145,"column":3}},"line":136},"8":{"name":"(anonymous_8)","decl":{"start":{"line":147,"column":36},"end":{"line":147,"column":37}},"loc":{"start":{"line":147,"column":62},"end":{"line":191,"column":1}},"line":147},"9":{"name":"(anonymous_9)","decl":{"start":{"line":193,"column":45},"end":{"line":193,"column":46}},"loc":{"start":{"line":193,"column":71},"end":{"line":225,"column":1}},"line":193},"10":{"name":"(anonymous_10)","decl":{"start":{"line":227,"column":35},"end":{"line":227,"column":36}},"loc":{"start":{"line":227,"column":61},"end":{"line":277,"column":1}},"line":227}},"branchMap":{"0":{"loc":{"start":{"line":25,"column":12},"end":{"line":25,"column":79}},"type":"binary-expr","locations":[{"start":{"line":25,"column":12},"end":{"line":25,"column":31}},{"start":{"line":25,"column":35},"end":{"line":25,"column":79}}],"line":25},"1":{"loc":{"start":{"line":66,"column":2},"end":{"line":68,"column":3}},"type":"if","locations":[{"start":{"line":66,"column":2},"end":{"line":68,"column":3}},{"start":{},"end":{}}],"line":66},"2":{"loc":{"start":{"line":66,"column":6},"end":{"line":66,"column":69}},"type":"binary-expr","locations":[{"start":{"line":66,"column":6},"end":{"line":66,"column":11}},{"start":{"line":66,"column":15},"end":{"line":66,"column":69}}],"line":66},"3":{"loc":{"start":{"line":93,"column":2},"end":{"line":100,"column":3}},"type":"if","locations":[{"start":{"line":93,"column":2},"end":{"line":100,"column":3}},{"start":{"line":95,"column":9},"end":{"line":100,"column":3}}],"line":93},"4":{"loc":{"start":{"line":95,"column":9},"end":{"line":100,"column":3}},"type":"if","locations":[{"start":{"line":95,"column":9},"end":{"line":100,"column":3}},{"start":{},"end":{}}],"line":95},"5":{"loc":{"start":{"line":96,"column":4},"end":{"line":97,"column":50}},"type":"binary-expr","locations":[{"start":{"line":96,"column":4},"end":{"line":96,"column":29}},{"start":{"line":97,"column":4},"end":{"line":97,"column":50}}],"line":96},"6":{"loc":{"start":{"line":103,"column":2},"end":{"line":107,"column":3}},"type":"if","locations":[{"start":{"line":103,"column":2},"end":{"line":107,"column":3}},{"start":{},"end":{}}],"line":103},"7":{"loc":{"start":{"line":116,"column":2},"end":{"line":120,"column":3}},"type":"if","locations":[{"start":{"line":116,"column":2},"end":{"line":120,"column":3}},{"start":{},"end":{}}],"line":116},"8":{"loc":{"start":{"line":123,"column":2},"end":{"line":126,"column":6}},"type":"if","locations":[{"start":{"line":123,"column":2},"end":{"line":126,"column":6}},{"start":{},"end":{}}],"line":123},"9":{"loc":{"start":{"line":138,"column":4},"end":{"line":142,"column":5}},"type":"if","locations":[{"start":{"line":138,"column":4},"end":{"line":142,"column":5}},{"start":{},"end":{}}],"line":138},"10":{"loc":{"start":{"line":150,"column":2},"end":{"line":150,"column":72}},"type":"if","locations":[{"start":{"line":150,"column":2},"end":{"line":150,"column":72}},{"start":{},"end":{}}],"line":150},"11":{"loc":{"start":{"line":155,"column":2},"end":{"line":155,"column":63}},"type":"if","locations":[{"start":{"line":155,"column":2},"end":{"line":155,"column":63}},{"start":{},"end":{}}],"line":155},"12":{"loc":{"start":{"line":195,"column":2},"end":{"line":197,"column":3}},"type":"if","locations":[{"start":{"line":195,"column":2},"end":{"line":197,"column":3}},{"start":{},"end":{}}],"line":195},"13":{"loc":{"start":{"line":212,"column":2},"end":{"line":214,"column":3}},"type":"if","locations":[{"start":{"line":212,"column":2},"end":{"line":214,"column":3}},{"start":{},"end":{}}],"line":212},"14":{"loc":{"start":{"line":230,"column":2},"end":{"line":230,"column":73}},"type":"if","locations":[{"start":{"line":230,"column":2},"end":{"line":230,"column":73}},{"start":{},"end":{}}],"line":230},"15":{"loc":{"start":{"line":232,"column":2},"end":{"line":236,"column":3}},"type":"if","locations":[{"start":{"line":232,"column":2},"end":{"line":236,"column":3}},{"start":{},"end":{}}],"line":232},"16":{"loc":{"start":{"line":232,"column":6},"end":{"line":232,"column":38}},"type":"binary-expr","locations":[{"start":{"line":232,"column":6},"end":{"line":232,"column":18}},{"start":{"line":232,"column":22},"end":{"line":232,"column":38}}],"line":232},"17":{"loc":{"start":{"line":241,"column":2},"end":{"line":244,"column":6}},"type":"if","locations":[{"start":{"line":241,"column":2},"end":{"line":244,"column":6}},{"start":{},"end":{}}],"line":241},"18":{"loc":{"start":{"line":247,"column":2},"end":{"line":248,"column":75}},"type":"if","locations":[{"start":{"line":247,"column":2},"end":{"line":248,"column":75}},{"start":{},"end":{}}],"line":247},"19":{"loc":{"start":{"line":250,"column":2},"end":{"line":251,"column":61}},"type":"if","locations":[{"start":{"line":250,"column":2},"end":{"line":251,"column":61}},{"start":{},"end":{}}],"line":250}},"s":{"0":1,"1":1,"2":1,"3":1,"4":1,"5":1,"6":1,"7":1,"8":0,"9":0,"10":1,"11":0,"12":0,"13":0,"14":0,"15":1,"16":0,"17":0,"18":0,"19":1,"20":0,"21":0,"22":0,"23":0,"24":0,"25":1,"26":0,"27":0,"28":1,"29":8,"30":0,"31":8,"32":7,"33":8,"34":2,"35":6,"36":6,"37":6,"38":0,"39":6,"40":0,"41":6,"42":6,"43":1,"44":24,"45":6,"46":2,"47":4,"48":1,"49":0,"50":0,"51":0,"52":0,"53":0,"54":0,"55":0,"56":0,"57":0,"58":0,"59":0,"60":0,"61":0,"62":0,"63":0,"64":0,"65":0,"66":0,"67":1,"68":0,"69":0,"70":0,"71":0,"72":0,"73":0,"74":0,"75":0,"76":0,"77":1,"78":0,"79":0,"80":0,"81":0,"82":0,"83":0,"84":0,"85":0,"86":0,"87":0,"88":0,"89":0,"90":0,"91":0,"92":0,"93":0,"94":0,"95":0,"96":0,"97":0,"98":0},"f":{"0":0,"1":0,"2":0,"3":0,"4":0,"5":8,"6":24,"7":6,"8":0,"9":0,"10":0},"b":{"0":[0,0],"1":[0,0],"2":[0,0],"3":[0,8],"4":[7,1],"5":[8,7],"6":[2,6],"7":[0,6],"8":[0,6],"9":[2,4],"10":[0,0],"11":[0,0],"12":[0,0],"13":[0,0],"14":[0,0],"15":[0,0],"16":[0,0],"17":[0,0],"18":[0,0],"19":[0,0]},"_coverageSchema":"1a1c01bbd47fc00a2c39e90264f33305004495a9","hash":"d97f5513aecc8aaa91c0f89477d648125d83ee56"}
,"C:\\Users\\ahmed\\Desktop\\NodeJS\\projects\\car-parts-backend\\controllers\\brandControllers.js": {"path":"C:\\Users\\ahmed\\Desktop\\NodeJS\\projects\\car-parts-backend\\controllers\\brandControllers.js","statementMap":{"0":{"start":{"line":1,"column":14},"end":{"line":1,"column":30}},"1":{"start":{"line":2,"column":23},"end":{"line":2,"column":38}},"2":{"start":{"line":3,"column":19},"end":{"line":3,"column":49}},"3":{"start":{"line":4,"column":14},"end":{"line":4,"column":45}},"4":{"start":{"line":5,"column":16},"end":{"line":5,"column":43}},"5":{"start":{"line":6,"column":30},"end":{"line":6,"column":77}},"6":{"start":{"line":8,"column":0},"end":{"line":8,"column":54}},"7":{"start":{"line":10,"column":0},"end":{"line":24,"column":3}},"8":{"start":{"line":11,"column":2},"end":{"line":11,"column":31}},"9":{"start":{"line":11,"column":17},"end":{"line":11,"column":31}},"10":{"start":{"line":13,"column":19},"end":{"line":13,"column":57}},"11":{"start":{"line":15,"column":2},"end":{"line":19,"column":42}},"12":{"start":{"line":21,"column":2},"end":{"line":21,"column":28}},"13":{"start":{"line":23,"column":2},"end":{"line":23,"column":9}},"14":{"start":{"line":28,"column":0},"end":{"line":28,"column":45}},"15":{"start":{"line":32,"column":0},"end":{"line":32,"column":47}},"16":{"start":{"line":36,"column":0},"end":{"line":36,"column":47}},"17":{"start":{"line":40,"column":0},"end":{"line":40,"column":41}},"18":{"start":{"line":44,"column":0},"end":{"line":44,"column":47}}},"fnMap":{"0":{"name":"(anonymous_0)","decl":{"start":{"line":10,"column":33},"end":{"line":10,"column":34}},"loc":{"start":{"line":10,"column":59},"end":{"line":24,"column":1}},"line":10}},"branchMap":{"0":{"loc":{"start":{"line":11,"column":2},"end":{"line":11,"column":31}},"type":"if","locations":[{"start":{"line":11,"column":2},"end":{"line":11,"column":31}},{"start":{},"end":{}}],"line":11}},"s":{"0":1,"1":1,"2":1,"3":1,"4":1,"5":1,"6":1,"7":1,"8":0,"9":0,"10":0,"11":0,"12":0,"13":0,"14":1,"15":1,"16":1,"17":1,"18":1},"f":{"0":0},"b":{"0":[0,0]},"_coverageSchema":"1a1c01bbd47fc00a2c39e90264f33305004495a9","hash":"6810a0808ded28942c492ffe5241d02ca346599c"}
,"C:\\Users\\ahmed\\Desktop\\NodeJS\\projects\\car-parts-backend\\controllers\\cartControllers.js": {"path":"C:\\Users\\ahmed\\Desktop\\NodeJS\\projects\\car-parts-backend\\controllers\\cartControllers.js","statementMap":{"0":{"start":{"line":1,"column":19},"end":{"line":1,"column":49}},"1":{"start":{"line":2,"column":17},"end":{"line":2,"column":45}},"2":{"start":{"line":3,"column":13},"end":{"line":3,"column":43}},"3":{"start":{"line":4,"column":16},"end":{"line":4,"column":49}},"4":{"start":{"line":5,"column":15},"end":{"line":5,"column":47}},"5":{"start":{"line":7,"column":28},"end":{"line":16,"column":1}},"6":{"start":{"line":8,"column":19},"end":{"line":8,"column":20}},"7":{"start":{"line":9,"column":2},"end":{"line":11,"column":5}},"8":{"start":{"line":10,"column":4},"end":{"line":10,"column":45}},"9":{"start":{"line":13,"column":2},"end":{"line":13,"column":43}},"10":{"start":{"line":15,"column":2},"end":{"line":15,"column":20}},"11":{"start":{"line":18,"column":0},"end":{"line":54,"column":3}},"12":{"start":{"line":19,"column":31},"end":{"line":19,"column":39}},"13":{"start":{"line":20,"column":18},"end":{"line":20,"column":51}},"14":{"start":{"line":22,"column":13},"end":{"line":22,"column":55}},"15":{"start":{"line":24,"column":2},"end":{"line":43,"column":3}},"16":{"start":{"line":26,"column":4},"end":{"line":29,"column":7}},"17":{"start":{"line":33,"column":25},"end":{"line":35,"column":5}},"18":{"start":{"line":34,"column":16},"end":{"line":34,"column":77}},"19":{"start":{"line":36,"column":4},"end":{"line":42,"column":5}},"20":{"start":{"line":38,"column":6},"end":{"line":38,"column":49}},"21":{"start":{"line":41,"column":6},"end":{"line":41,"column":79}},"22":{"start":{"line":46,"column":2},"end":{"line":46,"column":50}},"23":{"start":{"line":47,"column":2},"end":{"line":47,"column":20}},"24":{"start":{"line":49,"column":2},"end":{"line":53,"column":5}},"25":{"start":{"line":56,"column":0},"end":{"line":70,"column":3}},"26":{"start":{"line":57,"column":15},"end":{"line":57,"column":57}},"27":{"start":{"line":59,"column":2},"end":{"line":63,"column":3}},"28":{"start":{"line":60,"column":4},"end":{"line":62,"column":6}},"29":{"start":{"line":65,"column":2},"end":{"line":69,"column":5}},"30":{"start":{"line":96,"column":0},"end":{"line":115,"column":3}},"31":{"start":{"line":97,"column":15},"end":{"line":105,"column":3}},"32":{"start":{"line":107,"column":2},"end":{"line":107,"column":50}},"33":{"start":{"line":108,"column":2},"end":{"line":108,"column":20}},"34":{"start":{"line":110,"column":2},"end":{"line":114,"column":5}},"35":{"start":{"line":117,"column":0},"end":{"line":121,"column":3}},"36":{"start":{"line":118,"column":2},"end":{"line":118,"column":54}},"37":{"start":{"line":120,"column":2},"end":{"line":120,"column":25}},"38":{"start":{"line":123,"column":0},"end":{"line":148,"column":3}},"39":{"start":{"line":124,"column":15},"end":{"line":124,"column":57}},"40":{"start":{"line":126,"column":2},"end":{"line":129,"column":6}},"41":{"start":{"line":127,"column":4},"end":{"line":129,"column":6}},"42":{"start":{"line":131,"column":20},"end":{"line":133,"column":3}},"43":{"start":{"line":132,"column":14},"end":{"line":132,"column":55}},"44":{"start":{"line":134,"column":2},"end":{"line":137,"column":6}},"45":{"start":{"line":135,"column":4},"end":{"line":137,"column":6}},"46":{"start":{"line":138,"column":2},"end":{"line":138,"column":57}},"47":{"start":{"line":140,"column":2},"end":{"line":140,"column":50}},"48":{"start":{"line":141,"column":2},"end":{"line":141,"column":20}},"49":{"start":{"line":143,"column":2},"end":{"line":147,"column":5}},"50":{"start":{"line":150,"column":0},"end":{"line":171,"column":3}},"51":{"start":{"line":151,"column":17},"end":{"line":154,"column":4}},"52":{"start":{"line":156,"column":2},"end":{"line":156,"column":75}},"53":{"start":{"line":156,"column":15},"end":{"line":156,"column":75}},"54":{"start":{"line":158,"column":15},"end":{"line":158,"column":57}},"55":{"start":{"line":160,"column":2},"end":{"line":163,"column":15}},"56":{"start":{"line":164,"column":2},"end":{"line":164,"column":20}},"57":{"start":{"line":166,"column":2},"end":{"line":170,"column":5}}},"fnMap":{"0":{"name":"(anonymous_0)","decl":{"start":{"line":7,"column":28},"end":{"line":7,"column":29}},"loc":{"start":{"line":7,"column":38},"end":{"line":16,"column":1}},"line":7},"1":{"name":"(anonymous_1)","decl":{"start":{"line":9,"column":25},"end":{"line":9,"column":26}},"loc":{"start":{"line":9,"column":35},"end":{"line":11,"column":3}},"line":9},"2":{"name":"(anonymous_2)","decl":{"start":{"line":18,"column":38},"end":{"line":18,"column":39}},"loc":{"start":{"line":18,"column":64},"end":{"line":54,"column":1}},"line":18},"3":{"name":"(anonymous_3)","decl":{"start":{"line":34,"column":6},"end":{"line":34,"column":7}},"loc":{"start":{"line":34,"column":16},"end":{"line":34,"column":77}},"line":34},"4":{"name":"(anonymous_4)","decl":{"start":{"line":56,"column":39},"end":{"line":56,"column":40}},"loc":{"start":{"line":56,"column":65},"end":{"line":70,"column":1}},"line":56},"5":{"name":"(anonymous_5)","decl":{"start":{"line":96,"column":43},"end":{"line":96,"column":44}},"loc":{"start":{"line":96,"column":69},"end":{"line":115,"column":1}},"line":96},"6":{"name":"(anonymous_6)","decl":{"start":{"line":117,"column":41},"end":{"line":117,"column":42}},"loc":{"start":{"line":117,"column":67},"end":{"line":121,"column":1}},"line":117},"7":{"name":"(anonymous_7)","decl":{"start":{"line":123,"column":44},"end":{"line":123,"column":45}},"loc":{"start":{"line":123,"column":70},"end":{"line":148,"column":1}},"line":123},"8":{"name":"(anonymous_8)","decl":{"start":{"line":132,"column":4},"end":{"line":132,"column":5}},"loc":{"start":{"line":132,"column":14},"end":{"line":132,"column":55}},"line":132},"9":{"name":"(anonymous_9)","decl":{"start":{"line":150,"column":33},"end":{"line":150,"column":34}},"loc":{"start":{"line":150,"column":59},"end":{"line":171,"column":1}},"line":150}},"branchMap":{"0":{"loc":{"start":{"line":24,"column":2},"end":{"line":43,"column":3}},"type":"if","locations":[{"start":{"line":24,"column":2},"end":{"line":43,"column":3}},{"start":{"line":30,"column":9},"end":{"line":43,"column":3}}],"line":24},"1":{"loc":{"start":{"line":34,"column":16},"end":{"line":34,"column":77}},"type":"binary-expr","locations":[{"start":{"line":34,"column":16},"end":{"line":34,"column":53}},{"start":{"line":34,"column":57},"end":{"line":34,"column":77}}],"line":34},"2":{"loc":{"start":{"line":36,"column":4},"end":{"line":42,"column":5}},"type":"if","locations":[{"start":{"line":36,"column":4},"end":{"line":42,"column":5}},{"start":{"line":39,"column":11},"end":{"line":42,"column":5}}],"line":36},"3":{"loc":{"start":{"line":59,"column":2},"end":{"line":63,"column":3}},"type":"if","locations":[{"start":{"line":59,"column":2},"end":{"line":63,"column":3}},{"start":{},"end":{}}],"line":59},"4":{"loc":{"start":{"line":126,"column":2},"end":{"line":129,"column":6}},"type":"if","locations":[{"start":{"line":126,"column":2},"end":{"line":129,"column":6}},{"start":{},"end":{}}],"line":126},"5":{"loc":{"start":{"line":134,"column":2},"end":{"line":137,"column":6}},"type":"if","locations":[{"start":{"line":134,"column":2},"end":{"line":137,"column":6}},{"start":{},"end":{}}],"line":134},"6":{"loc":{"start":{"line":156,"column":2},"end":{"line":156,"column":75}},"type":"if","locations":[{"start":{"line":156,"column":2},"end":{"line":156,"column":75}},{"start":{},"end":{}}],"line":156}},"s":{"0":1,"1":1,"2":1,"3":1,"4":1,"5":1,"6":0,"7":0,"8":0,"9":0,"10":0,"11":1,"12":0,"13":0,"14":0,"15":0,"16":0,"17":0,"18":0,"19":0,"20":0,"21":0,"22":0,"23":0,"24":0,"25":1,"26":0,"27":0,"28":0,"29":0,"30":1,"31":0,"32":0,"33":0,"34":0,"35":1,"36":0,"37":0,"38":1,"39":0,"40":0,"41":0,"42":0,"43":0,"44":0,"45":0,"46":0,"47":0,"48":0,"49":0,"50":1,"51":0,"52":0,"53":0,"54":0,"55":0,"56":0,"57":0},"f":{"0":0,"1":0,"2":0,"3":0,"4":0,"5":0,"6":0,"7":0,"8":0,"9":0},"b":{"0":[0,0],"1":[0,0],"2":[0,0],"3":[0,0],"4":[0,0],"5":[0,0],"6":[0,0]},"_coverageSchema":"1a1c01bbd47fc00a2c39e90264f33305004495a9","hash":"e4e8f27cc2c3357027b4e87089600716281cd78f"}
,"C:\\Users\\ahmed\\Desktop\\NodeJS\\projects\\car-parts-backend\\controllers\\categoryControllers.js": {"path":"C:\\Users\\ahmed\\Desktop\\NodeJS\\projects\\car-parts-backend\\controllers\\categoryControllers.js","statementMap":{"0":{"start":{"line":2,"column":14},"end":{"line":2,"column":30}},"1":{"start":{"line":3,"column":23},"end":{"line":3,"column":38}},"2":{"start":{"line":4,"column":17},"end":{"line":4,"column":51}},"3":{"start":{"line":5,"column":16},"end":{"line":5,"column":43}},"4":{"start":{"line":6,"column":19},"end":{"line":6,"column":49}},"5":{"start":{"line":7,"column":30},"end":{"line":7,"column":77}},"6":{"start":{"line":36,"column":0},"end":{"line":36,"column":57}},"7":{"start":{"line":39,"column":0},"end":{"line":51,"column":3}},"8":{"start":{"line":40,"column":2},"end":{"line":40,"column":31}},"9":{"start":{"line":40,"column":17},"end":{"line":40,"column":31}},"10":{"start":{"line":41,"column":19},"end":{"line":41,"column":60}},"11":{"start":{"line":43,"column":2},"end":{"line":47,"column":46}},"12":{"start":{"line":49,"column":2},"end":{"line":49,"column":28}},"13":{"start":{"line":50,"column":2},"end":{"line":50,"column":9}},"14":{"start":{"line":53,"column":0},"end":{"line":58,"column":2}},"15":{"start":{"line":55,"column":2},"end":{"line":55,"column":76}},"16":{"start":{"line":55,"column":29},"end":{"line":55,"column":76}},"17":{"start":{"line":56,"column":2},"end":{"line":56,"column":28}},"18":{"start":{"line":57,"column":2},"end":{"line":57,"column":9}},"19":{"start":{"line":62,"column":0},"end":{"line":62,"column":52}},"20":{"start":{"line":66,"column":0},"end":{"line":66,"column":53}},"21":{"start":{"line":70,"column":0},"end":{"line":70,"column":53}},"22":{"start":{"line":74,"column":0},"end":{"line":74,"column":64}},"23":{"start":{"line":78,"column":0},"end":{"line":78,"column":53}}},"fnMap":{"0":{"name":"(anonymous_0)","decl":{"start":{"line":39,"column":33},"end":{"line":39,"column":34}},"loc":{"start":{"line":39,"column":59},"end":{"line":51,"column":1}},"line":39},"1":{"name":"(anonymous_1)","decl":{"start":{"line":53,"column":29},"end":{"line":53,"column":30}},"loc":{"start":{"line":53,"column":49},"end":{"line":58,"column":1}},"line":53}},"branchMap":{"0":{"loc":{"start":{"line":40,"column":2},"end":{"line":40,"column":31}},"type":"if","locations":[{"start":{"line":40,"column":2},"end":{"line":40,"column":31}},{"start":{},"end":{}}],"line":40},"1":{"loc":{"start":{"line":55,"column":2},"end":{"line":55,"column":76}},"type":"if","locations":[{"start":{"line":55,"column":2},"end":{"line":55,"column":76}},{"start":{},"end":{}}],"line":55}},"s":{"0":1,"1":1,"2":1,"3":1,"4":1,"5":1,"6":1,"7":1,"8":0,"9":0,"10":0,"11":0,"12":0,"13":0,"14":1,"15":0,"16":0,"17":0,"18":0,"19":1,"20":1,"21":1,"22":1,"23":1},"f":{"0":0,"1":0},"b":{"0":[0,0],"1":[0,0]},"_coverageSchema":"1a1c01bbd47fc00a2c39e90264f33305004495a9","hash":"276a025f8254435cfd08e340c7d43dade81b5bf4"}
,"C:\\Users\\ahmed\\Desktop\\NodeJS\\projects\\car-parts-backend\\controllers\\couponControllers.js": {"path":"C:\\Users\\ahmed\\Desktop\\NodeJS\\projects\\car-parts-backend\\controllers\\couponControllers.js","statementMap":{"0":{"start":{"line":1,"column":15},"end":{"line":1,"column":47}},"1":{"start":{"line":2,"column":16},"end":{"line":2,"column":43}},"2":{"start":{"line":4,"column":0},"end":{"line":4,"column":47}},"3":{"start":{"line":5,"column":0},"end":{"line":5,"column":49}},"4":{"start":{"line":6,"column":0},"end":{"line":6,"column":49}},"5":{"start":{"line":7,"column":0},"end":{"line":7,"column":43}},"6":{"start":{"line":8,"column":0},"end":{"line":8,"column":49}}},"fnMap":{},"branchMap":{},"s":{"0":1,"1":1,"2":1,"3":1,"4":1,"5":1,"6":1},"f":{},"b":{},"_coverageSchema":"1a1c01bbd47fc00a2c39e90264f33305004495a9","hash":"a129ad96189f2e4af41ea68604c967b197b75f59"}
,"C:\\Users\\ahmed\\Desktop\\NodeJS\\projects\\car-parts-backend\\controllers\\handlerFactory.js": {"path":"C:\\Users\\ahmed\\Desktop\\NodeJS\\projects\\car-parts-backend\\controllers\\handlerFactory.js","statementMap":{"0":{"start":{"line":1,"column":16},"end":{"line":1,"column":34}},"1":{"start":{"line":2,"column":20},"end":{"line":2,"column":51}},"2":{"start":{"line":3,"column":17},"end":{"line":3,"column":45}},"3":{"start":{"line":4,"column":19},"end":{"line":4,"column":49}},"4":{"start":{"line":6,"column":0},"end":{"line":46,"column":5}},"5":{"start":{"line":7,"column":2},"end":{"line":46,"column":4}},"6":{"start":{"line":8,"column":17},"end":{"line":8,"column":19}},"7":{"start":{"line":11,"column":4},"end":{"line":11,"column":46}},"8":{"start":{"line":11,"column":23},"end":{"line":11,"column":46}},"9":{"start":{"line":13,"column":28},"end":{"line":13,"column":56}},"10":{"start":{"line":14,"column":21},"end":{"line":19,"column":13}},"11":{"start":{"line":22,"column":48},"end":{"line":22,"column":56}},"12":{"start":{"line":24,"column":4},"end":{"line":28,"column":9}},"13":{"start":{"line":25,"column":6},"end":{"line":28,"column":9}},"14":{"start":{"line":29,"column":22},"end":{"line":29,"column":41}},"15":{"start":{"line":38,"column":4},"end":{"line":45,"column":7}},"16":{"start":{"line":48,"column":0},"end":{"line":66,"column":5}},"17":{"start":{"line":49,"column":2},"end":{"line":66,"column":4}},"18":{"start":{"line":51,"column":4},"end":{"line":51,"column":73}},"19":{"start":{"line":51,"column":31},"end":{"line":51,"column":73}},"20":{"start":{"line":54,"column":4},"end":{"line":54,"column":25}},"21":{"start":{"line":56,"column":4},"end":{"line":56,"column":62}},"22":{"start":{"line":56,"column":23},"end":{"line":56,"column":62}},"23":{"start":{"line":58,"column":19},"end":{"line":58,"column":47}},"24":{"start":{"line":60,"column":4},"end":{"line":65,"column":7}},"25":{"start":{"line":68,"column":0},"end":{"line":91,"column":5}},"26":{"start":{"line":69,"column":2},"end":{"line":91,"column":4}},"27":{"start":{"line":70,"column":16},"end":{"line":70,"column":45}},"28":{"start":{"line":72,"column":4},"end":{"line":75,"column":9}},"29":{"start":{"line":73,"column":6},"end":{"line":75,"column":9}},"30":{"start":{"line":77,"column":16},"end":{"line":77,"column":27}},"31":{"start":{"line":79,"column":4},"end":{"line":83,"column":5}},"32":{"start":{"line":80,"column":6},"end":{"line":82,"column":8}},"33":{"start":{"line":85,"column":4},"end":{"line":90,"column":7}},"34":{"start":{"line":93,"column":0},"end":{"line":105,"column":5}},"35":{"start":{"line":94,"column":2},"end":{"line":105,"column":4}},"36":{"start":{"line":96,"column":23},"end":{"line":96,"column":75}},"37":{"start":{"line":98,"column":4},"end":{"line":99,"column":71}},"38":{"start":{"line":99,"column":6},"end":{"line":99,"column":71}},"39":{"start":{"line":101,"column":4},"end":{"line":104,"column":7}},"40":{"start":{"line":107,"column":0},"end":{"line":127,"column":5}},"41":{"start":{"line":108,"column":2},"end":{"line":127,"column":4}},"42":{"start":{"line":110,"column":4},"end":{"line":110,"column":62}},"43":{"start":{"line":110,"column":23},"end":{"line":110,"column":62}},"44":{"start":{"line":112,"column":23},"end":{"line":115,"column":6}},"45":{"start":{"line":117,"column":4},"end":{"line":119,"column":5}},"46":{"start":{"line":118,"column":6},"end":{"line":118,"column":71}},"47":{"start":{"line":121,"column":4},"end":{"line":121,"column":22}},"48":{"start":{"line":123,"column":4},"end":{"line":126,"column":7}}},"fnMap":{"0":{"name":"(anonymous_0)","decl":{"start":{"line":6,"column":17},"end":{"line":6,"column":18}},"loc":{"start":{"line":7,"column":2},"end":{"line":46,"column":4}},"line":7},"1":{"name":"(anonymous_1)","decl":{"start":{"line":7,"column":13},"end":{"line":7,"column":14}},"loc":{"start":{"line":7,"column":33},"end":{"line":46,"column":3}},"line":7},"2":{"name":"(anonymous_2)","decl":{"start":{"line":48,"column":20},"end":{"line":48,"column":21}},"loc":{"start":{"line":49,"column":2},"end":{"line":66,"column":4}},"line":49},"3":{"name":"(anonymous_3)","decl":{"start":{"line":49,"column":13},"end":{"line":49,"column":14}},"loc":{"start":{"line":49,"column":39},"end":{"line":66,"column":3}},"line":49},"4":{"name":"(anonymous_4)","decl":{"start":{"line":68,"column":17},"end":{"line":68,"column":18}},"loc":{"start":{"line":69,"column":2},"end":{"line":91,"column":4}},"line":69},"5":{"name":"(anonymous_5)","decl":{"start":{"line":69,"column":13},"end":{"line":69,"column":14}},"loc":{"start":{"line":69,"column":39},"end":{"line":91,"column":3}},"line":69},"6":{"name":"(anonymous_6)","decl":{"start":{"line":93,"column":20},"end":{"line":93,"column":21}},"loc":{"start":{"line":94,"column":2},"end":{"line":105,"column":4}},"line":94},"7":{"name":"(anonymous_7)","decl":{"start":{"line":94,"column":13},"end":{"line":94,"column":14}},"loc":{"start":{"line":94,"column":39},"end":{"line":105,"column":3}},"line":94},"8":{"name":"(anonymous_8)","decl":{"start":{"line":107,"column":20},"end":{"line":107,"column":21}},"loc":{"start":{"line":108,"column":2},"end":{"line":127,"column":4}},"line":108},"9":{"name":"(anonymous_9)","decl":{"start":{"line":108,"column":13},"end":{"line":108,"column":14}},"loc":{"start":{"line":108,"column":39},"end":{"line":127,"column":3}},"line":108}},"branchMap":{"0":{"loc":{"start":{"line":6,"column":42},"end":{"line":6,"column":56}},"type":"default-arg","locations":[{"start":{"line":6,"column":54},"end":{"line":6,"column":56}}],"line":6},"1":{"loc":{"start":{"line":11,"column":4},"end":{"line":11,"column":46}},"type":"if","locations":[{"start":{"line":11,"column":4},"end":{"line":11,"column":46}},{"start":{},"end":{}}],"line":11},"2":{"loc":{"start":{"line":24,"column":4},"end":{"line":28,"column":9}},"type":"if","locations":[{"start":{"line":24,"column":4},"end":{"line":28,"column":9}},{"start":{},"end":{}}],"line":24},"3":{"loc":{"start":{"line":51,"column":4},"end":{"line":51,"column":73}},"type":"if","locations":[{"start":{"line":51,"column":4},"end":{"line":51,"column":73}},{"start":{},"end":{}}],"line":51},"4":{"loc":{"start":{"line":56,"column":4},"end":{"line":56,"column":62}},"type":"if","locations":[{"start":{"line":56,"column":4},"end":{"line":56,"column":62}},{"start":{},"end":{}}],"line":56},"5":{"loc":{"start":{"line":72,"column":4},"end":{"line":75,"column":9}},"type":"if","locations":[{"start":{"line":72,"column":4},"end":{"line":75,"column":9}},{"start":{},"end":{}}],"line":72},"6":{"loc":{"start":{"line":79,"column":4},"end":{"line":83,"column":5}},"type":"if","locations":[{"start":{"line":79,"column":4},"end":{"line":83,"column":5}},{"start":{},"end":{}}],"line":79},"7":{"loc":{"start":{"line":98,"column":4},"end":{"line":99,"column":71}},"type":"if","locations":[{"start":{"line":98,"column":4},"end":{"line":99,"column":71}},{"start":{},"end":{}}],"line":98},"8":{"loc":{"start":{"line":110,"column":4},"end":{"line":110,"column":62}},"type":"if","locations":[{"start":{"line":110,"column":4},"end":{"line":110,"column":62}},{"start":{},"end":{}}],"line":110},"9":{"loc":{"start":{"line":117,"column":4},"end":{"line":119,"column":5}},"type":"if","locations":[{"start":{"line":117,"column":4},"end":{"line":119,"column":5}},{"start":{},"end":{}}],"line":117}},"s":{"0":1,"1":1,"2":1,"3":1,"4":1,"5":8,"6":1,"7":1,"8":0,"9":1,"10":1,"11":1,"12":1,"13":0,"14":1,"15":1,"16":1,"17":7,"18":1,"19":0,"20":1,"21":1,"22":1,"23":1,"24":1,"25":1,"26":8,"27":2,"28":2,"29":2,"30":2,"31":2,"32":1,"33":1,"34":1,"35":7,"36":1,"37":1,"38":0,"39":1,"40":1,"41":6,"42":1,"43":1,"44":1,"45":1,"46":0,"47":1,"48":1},"f":{"0":8,"1":1,"2":7,"3":1,"4":8,"5":2,"6":7,"7":1,"8":6,"9":1},"b":{"0":[7],"1":[0,1],"2":[0,1],"3":[0,1],"4":[1,0],"5":[2,0],"6":[1,1],"7":[0,1],"8":[1,0],"9":[0,1]},"_coverageSchema":"1a1c01bbd47fc00a2c39e90264f33305004495a9","hash":"43d8e18d25dcc5dbd955aee587ce9ba2743361d5"}
,"C:\\Users\\ahmed\\Desktop\\NodeJS\\projects\\car-parts-backend\\controllers\\orderControllers.js": {"path":"C:\\Users\\ahmed\\Desktop\\NodeJS\\projects\\car-parts-backend\\controllers\\orderControllers.js","statementMap":{"0":{"start":{"line":1,"column":15},"end":{"line":1,"column":63}},"1":{"start":{"line":3,"column":19},"end":{"line":3,"column":49}},"2":{"start":{"line":4,"column":17},"end":{"line":4,"column":45}},"3":{"start":{"line":5,"column":14},"end":{"line":5,"column":45}},"4":{"start":{"line":6,"column":16},"end":{"line":6,"column":49}},"5":{"start":{"line":7,"column":13},"end":{"line":7,"column":43}},"6":{"start":{"line":8,"column":16},"end":{"line":8,"column":43}},"7":{"start":{"line":9,"column":13},"end":{"line":9,"column":43}},"8":{"start":{"line":11,"column":0},"end":{"line":57,"column":3}},"9":{"start":{"line":12,"column":19},"end":{"line":12,"column":20}},"10":{"start":{"line":13,"column":24},"end":{"line":13,"column":25}},"11":{"start":{"line":15,"column":15},"end":{"line":15,"column":53}},"12":{"start":{"line":16,"column":2},"end":{"line":16,"column":77}},"13":{"start":{"line":16,"column":13},"end":{"line":16,"column":77}},"14":{"start":{"line":19,"column":20},"end":{"line":21,"column":25}},"15":{"start":{"line":23,"column":26},"end":{"line":23,"column":62}},"16":{"start":{"line":26,"column":16},"end":{"line":31,"column":4}},"17":{"start":{"line":41,"column":2},"end":{"line":52,"column":3}},"18":{"start":{"line":42,"column":24},"end":{"line":47,"column":7}},"19":{"start":{"line":42,"column":54},"end":{"line":47,"column":5}},"20":{"start":{"line":49,"column":4},"end":{"line":49,"column":41}},"21":{"start":{"line":51,"column":4},"end":{"line":51,"column":52}},"22":{"start":{"line":53,"column":2},"end":{"line":56,"column":5}},"23":{"start":{"line":59,"column":0},"end":{"line":65,"column":3}},"24":{"start":{"line":60,"column":2},"end":{"line":63,"column":6}},"25":{"start":{"line":61,"column":4},"end":{"line":63,"column":6}},"26":{"start":{"line":64,"column":2},"end":{"line":64,"column":9}},"27":{"start":{"line":67,"column":0},"end":{"line":67,"column":45}},"28":{"start":{"line":69,"column":0},"end":{"line":69,"column":41}},"29":{"start":{"line":71,"column":0},"end":{"line":85,"column":3}},"30":{"start":{"line":72,"column":16},"end":{"line":72,"column":51}},"31":{"start":{"line":74,"column":2},"end":{"line":74,"column":79}},"32":{"start":{"line":74,"column":14},"end":{"line":74,"column":79}},"33":{"start":{"line":76,"column":2},"end":{"line":76,"column":22}},"34":{"start":{"line":77,"column":2},"end":{"line":77,"column":28}},"35":{"start":{"line":79,"column":23},"end":{"line":79,"column":41}},"36":{"start":{"line":81,"column":2},"end":{"line":84,"column":5}},"37":{"start":{"line":87,"column":0},"end":{"line":101,"column":3}},"38":{"start":{"line":88,"column":16},"end":{"line":88,"column":51}},"39":{"start":{"line":90,"column":2},"end":{"line":90,"column":79}},"40":{"start":{"line":90,"column":14},"end":{"line":90,"column":79}},"41":{"start":{"line":92,"column":2},"end":{"line":92,"column":27}},"42":{"start":{"line":93,"column":2},"end":{"line":93,"column":33}},"43":{"start":{"line":95,"column":23},"end":{"line":95,"column":41}},"44":{"start":{"line":97,"column":2},"end":{"line":100,"column":5}},"45":{"start":{"line":103,"column":0},"end":{"line":144,"column":3}},"46":{"start":{"line":104,"column":19},"end":{"line":104,"column":20}},"47":{"start":{"line":105,"column":24},"end":{"line":105,"column":25}},"48":{"start":{"line":106,"column":15},"end":{"line":106,"column":53}},"49":{"start":{"line":108,"column":2},"end":{"line":110,"column":3}},"50":{"start":{"line":109,"column":4},"end":{"line":109,"column":65}},"51":{"start":{"line":112,"column":20},"end":{"line":114,"column":25}},"52":{"start":{"line":116,"column":26},"end":{"line":116,"column":62}},"53":{"start":{"line":118,"column":18},"end":{"line":138,"column":4}},"54":{"start":{"line":140,"column":2},"end":{"line":143,"column":5}},"55":{"start":{"line":146,"column":20},"end":{"line":186,"column":1}},"56":{"start":{"line":147,"column":2},"end":{"line":185,"column":3}},"57":{"start":{"line":148,"column":19},"end":{"line":148,"column":46}},"58":{"start":{"line":149,"column":28},"end":{"line":149,"column":50}},"59":{"start":{"line":150,"column":23},"end":{"line":150,"column":49}},"60":{"start":{"line":152,"column":17},"end":{"line":152,"column":44}},"61":{"start":{"line":153,"column":17},"end":{"line":153,"column":70}},"62":{"start":{"line":155,"column":4},"end":{"line":157,"column":5}},"63":{"start":{"line":156,"column":6},"end":{"line":156,"column":60}},"64":{"start":{"line":159,"column":18},"end":{"line":167,"column":6}},"65":{"start":{"line":170,"column":4},"end":{"line":182,"column":5}},"66":{"start":{"line":171,"column":26},"end":{"line":176,"column":9}},"67":{"start":{"line":171,"column":56},"end":{"line":176,"column":7}},"68":{"start":{"line":178,"column":6},"end":{"line":178,"column":43}},"69":{"start":{"line":181,"column":6},"end":{"line":181,"column":43}},"70":{"start":{"line":184,"column":4},"end":{"line":184,"column":39}},"71":{"start":{"line":189,"column":0},"end":{"line":210,"column":3}},"72":{"start":{"line":190,"column":14},"end":{"line":190,"column":45}},"73":{"start":{"line":193,"column":2},"end":{"line":201,"column":3}},"74":{"start":{"line":194,"column":4},"end":{"line":198,"column":6}},"75":{"start":{"line":200,"column":4},"end":{"line":200,"column":73}},"76":{"start":{"line":204,"column":2},"end":{"line":207,"column":3}},"77":{"start":{"line":205,"column":4},"end":{"line":205,"column":51}},"78":{"start":{"line":206,"column":4},"end":{"line":206,"column":75}},"79":{"start":{"line":209,"column":2},"end":{"line":209,"column":43}}},"fnMap":{"0":{"name":"(anonymous_0)","decl":{"start":{"line":11,"column":37},"end":{"line":11,"column":38}},"loc":{"start":{"line":11,"column":63},"end":{"line":57,"column":1}},"line":11},"1":{"name":"(anonymous_1)","decl":{"start":{"line":42,"column":43},"end":{"line":42,"column":44}},"loc":{"start":{"line":42,"column":54},"end":{"line":47,"column":5}},"line":42},"2":{"name":"(anonymous_2)","decl":{"start":{"line":59,"column":47},"end":{"line":59,"column":48}},"loc":{"start":{"line":59,"column":73},"end":{"line":65,"column":1}},"line":59},"3":{"name":"(anonymous_3)","decl":{"start":{"line":71,"column":43},"end":{"line":71,"column":44}},"loc":{"start":{"line":71,"column":69},"end":{"line":85,"column":1}},"line":71},"4":{"name":"(anonymous_4)","decl":{"start":{"line":87,"column":48},"end":{"line":87,"column":49}},"loc":{"start":{"line":87,"column":74},"end":{"line":101,"column":1}},"line":87},"5":{"name":"(anonymous_5)","decl":{"start":{"line":103,"column":40},"end":{"line":103,"column":41}},"loc":{"start":{"line":103,"column":66},"end":{"line":144,"column":1}},"line":103},"6":{"name":"(anonymous_6)","decl":{"start":{"line":146,"column":20},"end":{"line":146,"column":21}},"loc":{"start":{"line":146,"column":49},"end":{"line":186,"column":1}},"line":146},"7":{"name":"(anonymous_7)","decl":{"start":{"line":171,"column":45},"end":{"line":171,"column":46}},"loc":{"start":{"line":171,"column":56},"end":{"line":176,"column":7}},"line":171},"8":{"name":"(anonymous_8)","decl":{"start":{"line":189,"column":37},"end":{"line":189,"column":38}},"loc":{"start":{"line":189,"column":57},"end":{"line":210,"column":1}},"line":189}},"branchMap":{"0":{"loc":{"start":{"line":16,"column":2},"end":{"line":16,"column":77}},"type":"if","locations":[{"start":{"line":16,"column":2},"end":{"line":16,"column":77}},{"start":{},"end":{}}],"line":16},"1":{"loc":{"start":{"line":19,"column":20},"end":{"line":21,"column":25}},"type":"cond-expr","locations":[{"start":{"line":20,"column":6},"end":{"line":20,"column":34}},{"start":{"line":21,"column":6},"end":{"line":21,"column":25}}],"line":19},"2":{"loc":{"start":{"line":41,"column":2},"end":{"line":52,"column":3}},"type":"if","locations":[{"start":{"line":41,"column":2},"end":{"line":52,"column":3}},{"start":{},"end":{}}],"line":41},"3":{"loc":{"start":{"line":60,"column":2},"end":{"line":63,"column":6}},"type":"if","locations":[{"start":{"line":60,"column":2},"end":{"line":63,"column":6}},{"start":{},"end":{}}],"line":60},"4":{"loc":{"start":{"line":74,"column":2},"end":{"line":74,"column":79}},"type":"if","locations":[{"start":{"line":74,"column":2},"end":{"line":74,"column":79}},{"start":{},"end":{}}],"line":74},"5":{"loc":{"start":{"line":90,"column":2},"end":{"line":90,"column":79}},"type":"if","locations":[{"start":{"line":90,"column":2},"end":{"line":90,"column":79}},{"start":{},"end":{}}],"line":90},"6":{"loc":{"start":{"line":108,"column":2},"end":{"line":110,"column":3}},"type":"if","locations":[{"start":{"line":108,"column":2},"end":{"line":110,"column":3}},{"start":{},"end":{}}],"line":108},"7":{"loc":{"start":{"line":112,"column":20},"end":{"line":114,"column":25}},"type":"cond-expr","locations":[{"start":{"line":113,"column":6},"end":{"line":113,"column":34}},{"start":{"line":114,"column":6},"end":{"line":114,"column":25}}],"line":112},"8":{"loc":{"start":{"line":137,"column":14},"end":{"line":137,"column":44}},"type":"binary-expr","locations":[{"start":{"line":137,"column":14},"end":{"line":137,"column":38}},{"start":{"line":137,"column":42},"end":{"line":137,"column":44}}],"line":137},"9":{"loc":{"start":{"line":149,"column":28},"end":{"line":149,"column":50}},"type":"binary-expr","locations":[{"start":{"line":149,"column":28},"end":{"line":149,"column":44}},{"start":{"line":149,"column":48},"end":{"line":149,"column":50}}],"line":149},"10":{"loc":{"start":{"line":155,"column":4},"end":{"line":157,"column":5}},"type":"if","locations":[{"start":{"line":155,"column":4},"end":{"line":157,"column":5}},{"start":{},"end":{}}],"line":155},"11":{"loc":{"start":{"line":155,"column":8},"end":{"line":155,"column":22}},"type":"binary-expr","locations":[{"start":{"line":155,"column":8},"end":{"line":155,"column":13}},{"start":{"line":155,"column":17},"end":{"line":155,"column":22}}],"line":155},"12":{"loc":{"start":{"line":170,"column":4},"end":{"line":182,"column":5}},"type":"if","locations":[{"start":{"line":170,"column":4},"end":{"line":182,"column":5}},{"start":{},"end":{}}],"line":170},"13":{"loc":{"start":{"line":204,"column":2},"end":{"line":207,"column":3}},"type":"if","locations":[{"start":{"line":204,"column":2},"end":{"line":207,"column":3}},{"start":{},"end":{}}],"line":204}},"s":{"0":1,"1":1,"2":1,"3":1,"4":1,"5":1,"6":1,"7":1,"8":1,"9":0,"10":0,"11":0,"12":0,"13":0,"14":0,"15":0,"16":0,"17":0,"18":0,"19":0,"20":0,"21":0,"22":0,"23":1,"24":0,"25":0,"26":0,"27":1,"28":1,"29":1,"30":0,"31":0,"32":0,"33":0,"34":0,"35":0,"36":0,"37":1,"38":0,"39":0,"40":0,"41":0,"42":0,"43":0,"44":0,"45":1,"46":0,"47":0,"48":0,"49":0,"50":0,"51":0,"52":0,"53":0,"54":0,"55":1,"56":0,"57":0,"58":0,"59":0,"60":0,"61":0,"62":0,"63":0,"64":0,"65":0,"66":0,"67":0,"68":0,"69":0,"70":0,"71":1,"72":0,"73":0,"74":0,"75":0,"76":0,"77":0,"78":0,"79":0},"f":{"0":0,"1":0,"2":0,"3":0,"4":0,"5":0,"6":0,"7":0,"8":0},"b":{"0":[0,0],"1":[0,0],"2":[0,0],"3":[0,0],"4":[0,0],"5":[0,0],"6":[0,0],"7":[0,0],"8":[0,0],"9":[0,0],"10":[0,0],"11":[0,0],"12":[0,0],"13":[0,0]},"_coverageSchema":"1a1c01bbd47fc00a2c39e90264f33305004495a9","hash":"f90dc9e2c89703ba6febdf8ff29609db090e5ac8"}
,"C:\\Users\\ahmed\\Desktop\\NodeJS\\projects\\car-parts-backend\\controllers\\productControllers.js": {"path":"C:\\Users\\ahmed\\Desktop\\NodeJS\\projects\\car-parts-backend\\controllers\\productControllers.js","statementMap":{"0":{"start":{"line":1,"column":23},"end":{"line":1,"column":38}},"1":{"start":{"line":2,"column":14},"end":{"line":2,"column":30}},"2":{"start":{"line":3,"column":16},"end":{"line":3,"column":34}},"3":{"start":{"line":4,"column":16},"end":{"line":4,"column":49}},"4":{"start":{"line":5,"column":16},"end":{"line":5,"column":43}},"5":{"start":{"line":6,"column":19},"end":{"line":6,"column":49}},"6":{"start":{"line":7,"column":30},"end":{"line":7,"column":77}},"7":{"start":{"line":9,"column":0},"end":{"line":12,"column":3}},"8":{"start":{"line":14,"column":0},"end":{"line":42,"column":3}},"9":{"start":{"line":15,"column":2},"end":{"line":15,"column":32}},"10":{"start":{"line":15,"column":18},"end":{"line":15,"column":32}},"11":{"start":{"line":16,"column":2},"end":{"line":25,"column":3}},"12":{"start":{"line":17,"column":31},"end":{"line":17,"column":77}},"13":{"start":{"line":18,"column":4},"end":{"line":22,"column":56}},"14":{"start":{"line":24,"column":4},"end":{"line":24,"column":45}},"15":{"start":{"line":26,"column":2},"end":{"line":40,"column":3}},"16":{"start":{"line":27,"column":4},"end":{"line":27,"column":25}},"17":{"start":{"line":28,"column":4},"end":{"line":39,"column":6}},"18":{"start":{"line":30,"column":30},"end":{"line":30,"column":83}},"19":{"start":{"line":31,"column":8},"end":{"line":35,"column":55}},"20":{"start":{"line":37,"column":8},"end":{"line":37,"column":44}},"21":{"start":{"line":41,"column":2},"end":{"line":41,"column":9}},"22":{"start":{"line":44,"column":0},"end":{"line":47,"column":2}},"23":{"start":{"line":45,"column":2},"end":{"line":45,"column":41}},"24":{"start":{"line":46,"column":2},"end":{"line":46,"column":9}},"25":{"start":{"line":49,"column":0},"end":{"line":49,"column":65}},"26":{"start":{"line":50,"column":0},"end":{"line":50,"column":51}},"27":{"start":{"line":51,"column":0},"end":{"line":51,"column":56}},"28":{"start":{"line":52,"column":0},"end":{"line":52,"column":51}},"29":{"start":{"line":53,"column":0},"end":{"line":53,"column":51}},"30":{"start":{"line":55,"column":0},"end":{"line":74,"column":3}},"31":{"start":{"line":56,"column":19},"end":{"line":56,"column":27}},"32":{"start":{"line":58,"column":2},"end":{"line":60,"column":3}},"33":{"start":{"line":59,"column":4},"end":{"line":59,"column":72}},"34":{"start":{"line":63,"column":16},"end":{"line":68,"column":3}},"35":{"start":{"line":71,"column":19},"end":{"line":71,"column":44}},"36":{"start":{"line":73,"column":2},"end":{"line":73,"column":25}}},"fnMap":{"0":{"name":"(anonymous_0)","decl":{"start":{"line":14,"column":41},"end":{"line":14,"column":42}},"loc":{"start":{"line":14,"column":67},"end":{"line":42,"column":1}},"line":14},"1":{"name":"(anonymous_1)","decl":{"start":{"line":29,"column":27},"end":{"line":29,"column":28}},"loc":{"start":{"line":29,"column":51},"end":{"line":38,"column":7}},"line":29},"2":{"name":"(anonymous_2)","decl":{"start":{"line":44,"column":22},"end":{"line":44,"column":23}},"loc":{"start":{"line":44,"column":42},"end":{"line":47,"column":1}},"line":44},"3":{"name":"(anonymous_3)","decl":{"start":{"line":55,"column":28},"end":{"line":55,"column":29}},"loc":{"start":{"line":55,"column":54},"end":{"line":74,"column":1}},"line":55}},"branchMap":{"0":{"loc":{"start":{"line":15,"column":2},"end":{"line":15,"column":32}},"type":"if","locations":[{"start":{"line":15,"column":2},"end":{"line":15,"column":32}},{"start":{},"end":{}}],"line":15},"1":{"loc":{"start":{"line":16,"column":2},"end":{"line":25,"column":3}},"type":"if","locations":[{"start":{"line":16,"column":2},"end":{"line":25,"column":3}},{"start":{},"end":{}}],"line":16},"2":{"loc":{"start":{"line":26,"column":2},"end":{"line":40,"column":3}},"type":"if","locations":[{"start":{"line":26,"column":2},"end":{"line":40,"column":3}},{"start":{},"end":{}}],"line":26},"3":{"loc":{"start":{"line":58,"column":2},"end":{"line":60,"column":3}},"type":"if","locations":[{"start":{"line":58,"column":2},"end":{"line":60,"column":3}},{"start":{},"end":{}}],"line":58}},"s":{"0":1,"1":1,"2":1,"3":1,"4":1,"5":1,"6":1,"7":1,"8":1,"9":2,"10":2,"11":0,"12":0,"13":0,"14":0,"15":0,"16":0,"17":0,"18":0,"19":0,"20":0,"21":0,"22":1,"23":1,"24":1,"25":1,"26":1,"27":1,"28":1,"29":1,"30":1,"31":0,"32":0,"33":0,"34":0,"35":0,"36":0},"f":{"0":2,"1":0,"2":1,"3":0},"b":{"0":[2,0],"1":[0,0],"2":[0,0],"3":[0,0]},"_coverageSchema":"1a1c01bbd47fc00a2c39e90264f33305004495a9","hash":"3e6e814cb998427221144a0f6ce1a3944027b276"}
,"C:\\Users\\ahmed\\Desktop\\NodeJS\\projects\\car-parts-backend\\controllers\\reviewControllers.js": {"path":"C:\\Users\\ahmed\\Desktop\\NodeJS\\projects\\car-parts-backend\\controllers\\reviewControllers.js","statementMap":{"0":{"start":{"line":3,"column":15},"end":{"line":3,"column":47}},"1":{"start":{"line":4,"column":16},"end":{"line":4,"column":43}},"2":{"start":{"line":7,"column":0},"end":{"line":12,"column":2}},"3":{"start":{"line":9,"column":2},"end":{"line":9,"column":74}},"4":{"start":{"line":9,"column":28},"end":{"line":9,"column":74}},"5":{"start":{"line":10,"column":2},"end":{"line":10,"column":28}},"6":{"start":{"line":11,"column":2},"end":{"line":11,"column":9}},"7":{"start":{"line":14,"column":0},"end":{"line":18,"column":2}},"8":{"start":{"line":15,"column":2},"end":{"line":15,"column":65}},"9":{"start":{"line":15,"column":25},"end":{"line":15,"column":65}},"10":{"start":{"line":16,"column":2},"end":{"line":16,"column":51}},"11":{"start":{"line":16,"column":22},"end":{"line":16,"column":51}},"12":{"start":{"line":17,"column":2},"end":{"line":17,"column":9}},"13":{"start":{"line":20,"column":0},"end":{"line":20,"column":47}},"14":{"start":{"line":22,"column":0},"end":{"line":22,"column":49}},"15":{"start":{"line":23,"column":0},"end":{"line":23,"column":49}},"16":{"start":{"line":24,"column":0},"end":{"line":24,"column":43}},"17":{"start":{"line":25,"column":0},"end":{"line":25,"column":49}}},"fnMap":{"0":{"name":"(anonymous_0)","decl":{"start":{"line":7,"column":29},"end":{"line":7,"column":30}},"loc":{"start":{"line":7,"column":49},"end":{"line":12,"column":1}},"line":7},"1":{"name":"(anonymous_1)","decl":{"start":{"line":14,"column":36},"end":{"line":14,"column":37}},"loc":{"start":{"line":14,"column":56},"end":{"line":18,"column":1}},"line":14}},"branchMap":{"0":{"loc":{"start":{"line":9,"column":2},"end":{"line":9,"column":74}},"type":"if","locations":[{"start":{"line":9,"column":2},"end":{"line":9,"column":74}},{"start":{},"end":{}}],"line":9},"1":{"loc":{"start":{"line":15,"column":2},"end":{"line":15,"column":65}},"type":"if","locations":[{"start":{"line":15,"column":2},"end":{"line":15,"column":65}},{"start":{},"end":{}}],"line":15},"2":{"loc":{"start":{"line":16,"column":2},"end":{"line":16,"column":51}},"type":"if","locations":[{"start":{"line":16,"column":2},"end":{"line":16,"column":51}},{"start":{},"end":{}}],"line":16}},"s":{"0":1,"1":1,"2":1,"3":0,"4":0,"5":0,"6":0,"7":1,"8":0,"9":0,"10":0,"11":0,"12":0,"13":1,"14":1,"15":1,"16":1,"17":1},"f":{"0":0,"1":0},"b":{"0":[0,0],"1":[0,0],"2":[0,0]},"_coverageSchema":"1a1c01bbd47fc00a2c39e90264f33305004495a9","hash":"14b4432b58a4c397437dcf714c911a9ed52be337"}
,"C:\\Users\\ahmed\\Desktop\\NodeJS\\projects\\car-parts-backend\\controllers\\subCategoryControllers.js": {"path":"C:\\Users\\ahmed\\Desktop\\NodeJS\\projects\\car-parts-backend\\controllers\\subCategoryControllers.js","statementMap":{"0":{"start":{"line":1,"column":20},"end":{"line":1,"column":57}},"1":{"start":{"line":2,"column":16},"end":{"line":2,"column":43}},"2":{"start":{"line":9,"column":0},"end":{"line":12,"column":2}},"3":{"start":{"line":10,"column":2},"end":{"line":10,"column":68}},"4":{"start":{"line":10,"column":26},"end":{"line":10,"column":68}},"5":{"start":{"line":11,"column":2},"end":{"line":11,"column":9}},"6":{"start":{"line":16,"column":0},"end":{"line":16,"column":58}},"7":{"start":{"line":20,"column":0},"end":{"line":20,"column":59}},"8":{"start":{"line":24,"column":0},"end":{"line":24,"column":59}},"9":{"start":{"line":28,"column":0},"end":{"line":28,"column":53}},"10":{"start":{"line":32,"column":0},"end":{"line":32,"column":59}}},"fnMap":{"0":{"name":"(anonymous_0)","decl":{"start":{"line":9,"column":30},"end":{"line":9,"column":31}},"loc":{"start":{"line":9,"column":50},"end":{"line":12,"column":1}},"line":9}},"branchMap":{"0":{"loc":{"start":{"line":10,"column":2},"end":{"line":10,"column":68}},"type":"if","locations":[{"start":{"line":10,"column":2},"end":{"line":10,"column":68}},{"start":{},"end":{}}],"line":10}},"s":{"0":1,"1":1,"2":1,"3":0,"4":0,"5":0,"6":1,"7":1,"8":1,"9":1,"10":1},"f":{"0":0},"b":{"0":[0,0]},"_coverageSchema":"1a1c01bbd47fc00a2c39e90264f33305004495a9","hash":"6a352e21c49a34d29f77b3c32606d500a58ef5df"}
,"C:\\Users\\ahmed\\Desktop\\NodeJS\\projects\\car-parts-backend\\controllers\\userControllers.js": {"path":"C:\\Users\\ahmed\\Desktop\\NodeJS\\projects\\car-parts-backend\\controllers\\userControllers.js","statementMap":{"0":{"start":{"line":1,"column":16},"end":{"line":1,"column":34}},"1":{"start":{"line":2,"column":12},"end":{"line":2,"column":35}},"2":{"start":{"line":3,"column":23},"end":{"line":3,"column":38}},"3":{"start":{"line":4,"column":14},"end":{"line":4,"column":30}},"4":{"start":{"line":5,"column":13},"end":{"line":5,"column":43}},"5":{"start":{"line":6,"column":16},"end":{"line":6,"column":43}},"6":{"start":{"line":7,"column":17},"end":{"line":7,"column":45}},"7":{"start":{"line":8,"column":19},"end":{"line":8,"column":49}},"8":{"start":{"line":9,"column":30},"end":{"line":9,"column":77}},"9":{"start":{"line":11,"column":18},"end":{"line":17,"column":1}},"10":{"start":{"line":12,"column":17},"end":{"line":12,"column":19}},"11":{"start":{"line":13,"column":2},"end":{"line":15,"column":5}},"12":{"start":{"line":14,"column":4},"end":{"line":14,"column":57}},"13":{"start":{"line":14,"column":36},"end":{"line":14,"column":57}},"14":{"start":{"line":16,"column":2},"end":{"line":16,"column":16}},"15":{"start":{"line":19,"column":0},"end":{"line":19,"column":58}},"16":{"start":{"line":22,"column":0},"end":{"line":35,"column":3}},"17":{"start":{"line":23,"column":2},"end":{"line":23,"column":31}},"18":{"start":{"line":23,"column":17},"end":{"line":23,"column":31}},"19":{"start":{"line":24,"column":19},"end":{"line":24,"column":56}},"20":{"start":{"line":26,"column":2},"end":{"line":30,"column":41}},"21":{"start":{"line":32,"column":2},"end":{"line":32,"column":33}},"22":{"start":{"line":34,"column":2},"end":{"line":34,"column":9}},"23":{"start":{"line":38,"column":0},"end":{"line":38,"column":43}},"24":{"start":{"line":39,"column":0},"end":{"line":39,"column":45}},"25":{"start":{"line":40,"column":0},"end":{"line":40,"column":39}},"26":{"start":{"line":42,"column":0},"end":{"line":65,"column":3}},"27":{"start":{"line":44,"column":2},"end":{"line":45,"column":78}},"28":{"start":{"line":45,"column":4},"end":{"line":45,"column":78}},"29":{"start":{"line":47,"column":2},"end":{"line":47,"column":60}},"30":{"start":{"line":47,"column":21},"end":{"line":47,"column":60}},"31":{"start":{"line":50,"column":2},"end":{"line":50,"column":23}},"32":{"start":{"line":52,"column":21},"end":{"line":55,"column":4}},"33":{"start":{"line":57,"column":2},"end":{"line":59,"column":3}},"34":{"start":{"line":58,"column":4},"end":{"line":58,"column":69}},"35":{"start":{"line":61,"column":2},"end":{"line":64,"column":5}},"36":{"start":{"line":66,"column":0},"end":{"line":66,"column":45}},"37":{"start":{"line":68,"column":0},"end":{"line":81,"column":3}},"38":{"start":{"line":69,"column":15},"end":{"line":69,"column":49}},"39":{"start":{"line":71,"column":2},"end":{"line":71,"column":62}},"40":{"start":{"line":71,"column":13},"end":{"line":71,"column":62}},"41":{"start":{"line":74,"column":2},"end":{"line":74,"column":36}},"42":{"start":{"line":75,"column":2},"end":{"line":75,"column":20}},"43":{"start":{"line":77,"column":2},"end":{"line":80,"column":5}},"44":{"start":{"line":84,"column":0},"end":{"line":111,"column":3}},"45":{"start":{"line":85,"column":17},"end":{"line":85,"column":27}},"46":{"start":{"line":86,"column":19},"end":{"line":86,"column":27}},"47":{"start":{"line":89,"column":21},"end":{"line":89,"column":48}},"48":{"start":{"line":90,"column":2},"end":{"line":92,"column":3}},"49":{"start":{"line":91,"column":4},"end":{"line":91,"column":61}},"50":{"start":{"line":95,"column":22},"end":{"line":99,"column":3}},"51":{"start":{"line":101,"column":2},"end":{"line":103,"column":3}},"52":{"start":{"line":102,"column":4},"end":{"line":102,"column":53}},"53":{"start":{"line":105,"column":2},"end":{"line":110,"column":5}},"54":{"start":{"line":113,"column":0},"end":{"line":117,"column":3}},"55":{"start":{"line":114,"column":2},"end":{"line":114,"column":31}},"56":{"start":{"line":116,"column":2},"end":{"line":116,"column":9}},"57":{"start":{"line":119,"column":0},"end":{"line":150,"column":3}},"58":{"start":{"line":121,"column":2},"end":{"line":127,"column":6}},"59":{"start":{"line":122,"column":4},"end":{"line":127,"column":6}},"60":{"start":{"line":130,"column":22},"end":{"line":136,"column":3}},"61":{"start":{"line":137,"column":15},"end":{"line":140,"column":4}},"62":{"start":{"line":141,"column":2},"end":{"line":141,"column":73}},"63":{"start":{"line":141,"column":13},"end":{"line":141,"column":73}},"64":{"start":{"line":143,"column":2},"end":{"line":149,"column":5}},"65":{"start":{"line":152,"column":0},"end":{"line":198,"column":3}},"66":{"start":{"line":153,"column":60},"end":{"line":153,"column":68}},"67":{"start":{"line":155,"column":2},"end":{"line":156,"column":77}},"68":{"start":{"line":156,"column":4},"end":{"line":156,"column":77}},"69":{"start":{"line":157,"column":2},"end":{"line":158,"column":72}},"70":{"start":{"line":158,"column":4},"end":{"line":158,"column":72}},"71":{"start":{"line":159,"column":2},"end":{"line":160,"column":68}},"72":{"start":{"line":160,"column":4},"end":{"line":160,"column":68}},"73":{"start":{"line":162,"column":15},"end":{"line":162,"column":68}},"74":{"start":{"line":164,"column":2},"end":{"line":164,"column":73}},"75":{"start":{"line":164,"column":13},"end":{"line":164,"column":73}},"76":{"start":{"line":166,"column":2},"end":{"line":167,"column":65}},"77":{"start":{"line":167,"column":4},"end":{"line":167,"column":65}},"78":{"start":{"line":169,"column":2},"end":{"line":170,"column":60}},"79":{"start":{"line":170,"column":4},"end":{"line":170,"column":60}},"80":{"start":{"line":172,"column":2},"end":{"line":172,"column":30}},"81":{"start":{"line":174,"column":2},"end":{"line":174,"column":20}},"82":{"start":{"line":176,"column":16},"end":{"line":178,"column":4}},"83":{"start":{"line":180,"column":24},"end":{"line":186,"column":3}},"84":{"start":{"line":188,"column":2},"end":{"line":188,"column":42}},"85":{"start":{"line":190,"column":2},"end":{"line":197,"column":5}},"86":{"start":{"line":201,"column":0},"end":{"line":205,"column":3}},"87":{"start":{"line":202,"column":2},"end":{"line":202,"column":64}},"88":{"start":{"line":204,"column":2},"end":{"line":204,"column":46}}},"fnMap":{"0":{"name":"(anonymous_0)","decl":{"start":{"line":11,"column":18},"end":{"line":11,"column":19}},"loc":{"start":{"line":11,"column":45},"end":{"line":17,"column":1}},"line":11},"1":{"name":"(anonymous_1)","decl":{"start":{"line":13,"column":27},"end":{"line":13,"column":28}},"loc":{"start":{"line":13,"column":35},"end":{"line":15,"column":3}},"line":13},"2":{"name":"(anonymous_2)","decl":{"start":{"line":22,"column":33},"end":{"line":22,"column":34}},"loc":{"start":{"line":22,"column":59},"end":{"line":35,"column":1}},"line":22},"3":{"name":"(anonymous_3)","decl":{"start":{"line":42,"column":32},"end":{"line":42,"column":33}},"loc":{"start":{"line":42,"column":58},"end":{"line":65,"column":1}},"line":42},"4":{"name":"(anonymous_4)","decl":{"start":{"line":68,"column":40},"end":{"line":68,"column":41}},"loc":{"start":{"line":68,"column":66},"end":{"line":81,"column":1}},"line":68},"5":{"name":"(anonymous_5)","decl":{"start":{"line":84,"column":36},"end":{"line":84,"column":37}},"loc":{"start":{"line":84,"column":62},"end":{"line":111,"column":1}},"line":84},"6":{"name":"(anonymous_6)","decl":{"start":{"line":113,"column":39},"end":{"line":113,"column":40}},"loc":{"start":{"line":113,"column":65},"end":{"line":117,"column":1}},"line":113},"7":{"name":"(anonymous_7)","decl":{"start":{"line":119,"column":42},"end":{"line":119,"column":43}},"loc":{"start":{"line":119,"column":68},"end":{"line":150,"column":1}},"line":119},"8":{"name":"(anonymous_8)","decl":{"start":{"line":152,"column":46},"end":{"line":152,"column":47}},"loc":{"start":{"line":152,"column":72},"end":{"line":198,"column":1}},"line":152},"9":{"name":"(anonymous_9)","decl":{"start":{"line":201,"column":42},"end":{"line":201,"column":43}},"loc":{"start":{"line":201,"column":68},"end":{"line":205,"column":1}},"line":201}},"branchMap":{"0":{"loc":{"start":{"line":14,"column":4},"end":{"line":14,"column":57}},"type":"if","locations":[{"start":{"line":14,"column":4},"end":{"line":14,"column":57}},{"start":{},"end":{}}],"line":14},"1":{"loc":{"start":{"line":23,"column":2},"end":{"line":23,"column":31}},"type":"if","locations":[{"start":{"line":23,"column":2},"end":{"line":23,"column":31}},{"start":{},"end":{}}],"line":23},"2":{"loc":{"start":{"line":44,"column":2},"end":{"line":45,"column":78}},"type":"if","locations":[{"start":{"line":44,"column":2},"end":{"line":45,"column":78}},{"start":{},"end":{}}],"line":44},"3":{"loc":{"start":{"line":47,"column":2},"end":{"line":47,"column":60}},"type":"if","locations":[{"start":{"line":47,"column":2},"end":{"line":47,"column":60}},{"start":{},"end":{}}],"line":47},"4":{"loc":{"start":{"line":57,"column":2},"end":{"line":59,"column":3}},"type":"if","locations":[{"start":{"line":57,"column":2},"end":{"line":59,"column":3}},{"start":{},"end":{}}],"line":57},"5":{"loc":{"start":{"line":71,"column":2},"end":{"line":71,"column":62}},"type":"if","locations":[{"start":{"line":71,"column":2},"end":{"line":71,"column":62}},{"start":{},"end":{}}],"line":71},"6":{"loc":{"start":{"line":90,"column":2},"end":{"line":92,"column":3}},"type":"if","locations":[{"start":{"line":90,"column":2},"end":{"line":92,"column":3}},{"start":{},"end":{}}],"line":90},"7":{"loc":{"start":{"line":101,"column":2},"end":{"line":103,"column":3}},"type":"if","locations":[{"start":{"line":101,"column":2},"end":{"line":103,"column":3}},{"start":{},"end":{}}],"line":101},"8":{"loc":{"start":{"line":121,"column":2},"end":{"line":127,"column":6}},"type":"if","locations":[{"start":{"line":121,"column":2},"end":{"line":127,"column":6}},{"start":{},"end":{}}],"line":121},"9":{"loc":{"start":{"line":121,"column":6},"end":{"line":121,"column":51}},"type":"binary-expr","locations":[{"start":{"line":121,"column":6},"end":{"line":121,"column":23}},{"start":{"line":121,"column":27},"end":{"line":121,"column":51}}],"line":121},"10":{"loc":{"start":{"line":141,"column":2},"end":{"line":141,"column":73}},"type":"if","locations":[{"start":{"line":141,"column":2},"end":{"line":141,"column":73}},{"start":{},"end":{}}],"line":141},"11":{"loc":{"start":{"line":155,"column":2},"end":{"line":156,"column":77}},"type":"if","locations":[{"start":{"line":155,"column":2},"end":{"line":156,"column":77}},{"start":{},"end":{}}],"line":155},"12":{"loc":{"start":{"line":157,"column":2},"end":{"line":158,"column":72}},"type":"if","locations":[{"start":{"line":157,"column":2},"end":{"line":158,"column":72}},{"start":{},"end":{}}],"line":157},"13":{"loc":{"start":{"line":159,"column":2},"end":{"line":160,"column":68}},"type":"if","locations":[{"start":{"line":159,"column":2},"end":{"line":160,"column":68}},{"start":{},"end":{}}],"line":159},"14":{"loc":{"start":{"line":164,"column":2},"end":{"line":164,"column":73}},"type":"if","locations":[{"start":{"line":164,"column":2},"end":{"line":164,"column":73}},{"start":{},"end":{}}],"line":164},"15":{"loc":{"start":{"line":166,"column":2},"end":{"line":167,"column":65}},"type":"if","locations":[{"start":{"line":166,"column":2},"end":{"line":167,"column":65}},{"start":{},"end":{}}],"line":166},"16":{"loc":{"start":{"line":169,"column":2},"end":{"line":170,"column":60}},"type":"if","locations":[{"start":{"line":169,"column":2},"end":{"line":170,"column":60}},{"start":{},"end":{}}],"line":169}},"s":{"0":1,"1":1,"2":1,"3":1,"4":1,"5":1,"6":1,"7":1,"8":1,"9":1,"10":0,"11":0,"12":0,"13":0,"14":0,"15":1,"16":1,"17":0,"18":0,"19":0,"20":0,"21":0,"22":0,"23":1,"24":1,"25":1,"26":1,"27":0,"28":0,"29":0,"30":0,"31":0,"32":0,"33":0,"34":0,"35":0,"36":1,"37":1,"38":0,"39":0,"40":0,"41":0,"42":0,"43":0,"44":1,"45":0,"46":0,"47":0,"48":0,"49":0,"50":0,"51":0,"52":0,"53":0,"54":1,"55":0,"56":0,"57":1,"58":0,"59":0,"60":0,"61":0,"62":0,"63":0,"64":0,"65":1,"66":0,"67":0,"68":0,"69":0,"70":0,"71":0,"72":0,"73":0,"74":0,"75":0,"76":0,"77":0,"78":0,"79":0,"80":0,"81":0,"82":0,"83":0,"84":0,"85":0,"86":1,"87":0,"88":0},"f":{"0":0,"1":0,"2":0,"3":0,"4":0,"5":0,"6":0,"7":0,"8":0,"9":0},"b":{"0":[0,0],"1":[0,0],"2":[0,0],"3":[0,0],"4":[0,0],"5":[0,0],"6":[0,0],"7":[0,0],"8":[0,0],"9":[0,0],"10":[0,0],"11":[0,0],"12":[0,0],"13":[0,0],"14":[0,0],"15":[0,0],"16":[0,0]},"_coverageSchema":"1a1c01bbd47fc00a2c39e90264f33305004495a9","hash":"77275101c8e68da79697cca6af61330d6a94536b"}
,"C:\\Users\\ahmed\\Desktop\\NodeJS\\projects\\car-parts-backend\\controllers\\wishlistControllers.js": {"path":"C:\\Users\\ahmed\\Desktop\\NodeJS\\projects\\car-parts-backend\\controllers\\wishlistControllers.js","statementMap":{"0":{"start":{"line":1,"column":19},"end":{"line":1,"column":49}},"1":{"start":{"line":2,"column":13},"end":{"line":2,"column":43}},"2":{"start":{"line":4,"column":0},"end":{"line":20,"column":3}},"3":{"start":{"line":6,"column":15},"end":{"line":13,"column":3}},"4":{"start":{"line":15,"column":2},"end":{"line":19,"column":5}},"5":{"start":{"line":22,"column":0},"end":{"line":38,"column":3}},"6":{"start":{"line":24,"column":15},"end":{"line":31,"column":3}},"7":{"start":{"line":33,"column":2},"end":{"line":37,"column":5}},"8":{"start":{"line":40,"column":0},"end":{"line":48,"column":3}},"9":{"start":{"line":41,"column":15},"end":{"line":41,"column":69}},"10":{"start":{"line":43,"column":2},"end":{"line":47,"column":5}}},"fnMap":{"0":{"name":"(anonymous_0)","decl":{"start":{"line":4,"column":42},"end":{"line":4,"column":43}},"loc":{"start":{"line":4,"column":68},"end":{"line":20,"column":1}},"line":4},"1":{"name":"(anonymous_1)","decl":{"start":{"line":22,"column":47},"end":{"line":22,"column":48}},"loc":{"start":{"line":22,"column":73},"end":{"line":38,"column":1}},"line":22},"2":{"name":"(anonymous_2)","decl":{"start":{"line":40,"column":43},"end":{"line":40,"column":44}},"loc":{"start":{"line":40,"column":69},"end":{"line":48,"column":1}},"line":40}},"branchMap":{},"s":{"0":1,"1":1,"2":1,"3":0,"4":0,"5":1,"6":0,"7":0,"8":1,"9":0,"10":0},"f":{"0":0,"1":0,"2":0},"b":{},"_coverageSchema":"1a1c01bbd47fc00a2c39e90264f33305004495a9","hash":"5a0ff41359f4dae49f95eeb18324b7b828bd5e91"}
,"C:\\Users\\ahmed\\Desktop\\NodeJS\\projects\\car-parts-backend\\middlewares\\errorHandler.js": {"path":"C:\\Users\\ahmed\\Desktop\\NodeJS\\projects\\car-parts-backend\\middlewares\\errorHandler.js","statementMap":{"0":{"start":{"line":1,"column":17},"end":{"line":1,"column":45}},"1":{"start":{"line":3,"column":20},"end":{"line":3,"column":40}},"2":{"start":{"line":6,"column":26},"end":{"line":9,"column":1}},"3":{"start":{"line":7,"column":18},"end":{"line":7,"column":92}},"4":{"start":{"line":8,"column":2},"end":{"line":8,"column":36}},"5":{"start":{"line":12,"column":32},"end":{"line":16,"column":1}},"6":{"start":{"line":13,"column":16},"end":{"line":13,"column":55}},"7":{"start":{"line":14,"column":18},"end":{"line":14,"column":78}},"8":{"start":{"line":15,"column":2},"end":{"line":15,"column":36}},"9":{"start":{"line":19,"column":30},"end":{"line":23,"column":1}},"10":{"start":{"line":20,"column":17},"end":{"line":20,"column":66}},"11":{"start":{"line":20,"column":55},"end":{"line":20,"column":65}},"12":{"start":{"line":21,"column":18},"end":{"line":21,"column":60}},"13":{"start":{"line":22,"column":2},"end":{"line":22,"column":36}},"14":{"start":{"line":27,"column":23},"end":{"line":28,"column":58}},"15":{"start":{"line":28,"column":2},"end":{"line":28,"column":58}},"16":{"start":{"line":31,"column":30},"end":{"line":32,"column":67}},"17":{"start":{"line":32,"column":2},"end":{"line":32,"column":67}},"18":{"start":{"line":35,"column":21},"end":{"line":43,"column":1}},"19":{"start":{"line":36,"column":2},"end":{"line":41,"column":5}},"20":{"start":{"line":46,"column":22},"end":{"line":66,"column":1}},"21":{"start":{"line":48,"column":2},"end":{"line":65,"column":3}},"22":{"start":{"line":49,"column":4},"end":{"line":52,"column":7}},"23":{"start":{"line":56,"column":4},"end":{"line":58,"column":5}},"24":{"start":{"line":57,"column":6},"end":{"line":57,"column":37}},"25":{"start":{"line":61,"column":4},"end":{"line":64,"column":7}},"26":{"start":{"line":68,"column":0},"end":{"line":86,"column":2}},"27":{"start":{"line":69,"column":2},"end":{"line":69,"column":41}},"28":{"start":{"line":70,"column":2},"end":{"line":70,"column":37}},"29":{"start":{"line":73,"column":14},"end":{"line":73,"column":32}},"30":{"start":{"line":75,"column":2},"end":{"line":85,"column":3}},"31":{"start":{"line":76,"column":4},"end":{"line":76,"column":27}},"32":{"start":{"line":77,"column":9},"end":{"line":85,"column":3}},"33":{"start":{"line":78,"column":4},"end":{"line":78,"column":69}},"34":{"start":{"line":78,"column":36},"end":{"line":78,"column":69}},"35":{"start":{"line":79,"column":4},"end":{"line":79,"column":69}},"36":{"start":{"line":79,"column":30},"end":{"line":79,"column":69}},"37":{"start":{"line":80,"column":4},"end":{"line":80,"column":79}},"38":{"start":{"line":80,"column":42},"end":{"line":80,"column":79}},"39":{"start":{"line":81,"column":4},"end":{"line":81,"column":69}},"40":{"start":{"line":81,"column":44},"end":{"line":81,"column":69}},"41":{"start":{"line":82,"column":4},"end":{"line":82,"column":76}},"42":{"start":{"line":82,"column":44},"end":{"line":82,"column":76}},"43":{"start":{"line":84,"column":4},"end":{"line":84,"column":30}}},"fnMap":{"0":{"name":"(anonymous_0)","decl":{"start":{"line":6,"column":26},"end":{"line":6,"column":27}},"loc":{"start":{"line":6,"column":37},"end":{"line":9,"column":1}},"line":6},"1":{"name":"(anonymous_1)","decl":{"start":{"line":12,"column":32},"end":{"line":12,"column":33}},"loc":{"start":{"line":12,"column":41},"end":{"line":16,"column":1}},"line":12},"2":{"name":"(anonymous_2)","decl":{"start":{"line":19,"column":30},"end":{"line":19,"column":31}},"loc":{"start":{"line":19,"column":39},"end":{"line":23,"column":1}},"line":19},"3":{"name
[...]
,"C:\\Users\\ahmed\\Desktop\\NodeJS\\projects\\car-parts-backend\\utils\\validators\\categoryValidator.js": {"path":"C:\\Users\\ahmed\\Desktop\\NodeJS\\projects\\car-parts-backend\\utils\\validators\\categoryValidator.js","statementMap":{"0":{"start":{"line":1,"column":18},"end":{"line":1,"column":46}},"1":{"start":{"line":2,"column":28},"end":{"line":2,"column":76}},"2":{"start":{"line":6,"column":0},"end":{"line":9,"column":2}},"3":{"start":{"line":11,"column":0},"end":{"line":20,"column":2}},"4":{"start":{"line":22,"column":0},"end":{"line":25,"column":2}},"5":{"start":{"line":27,"column":0},"end":{"line":30,"column":2}}},"fnMap":{},"branchMap":{},"s":{"0":1,"1":1,"2":1,"3":1,"4":1,"5":1},"f":{},"b":{},"_coverageSchema":"1a1c01bbd47fc00a2c39e90264f33305004495a9","hash":"1c1e456b0044360c25198599d92ec1b484019de8"}
,"C:\\Users\\ahmed\\Desktop\\NodeJS\\projects\\car-parts-backend\\utils\\validators\\productValidator.js": {"path":"C:\\Users\\ahmed\\Desktop\\NodeJS\\projects\\car-parts-backend\\utils\\validators\\productValidator.js","statementMap":{"0":{"start":{"line":1,"column":17},"end":{"line":1,"column":36}},"1":{"start":{"line":2,"column":16},"end":{"line":2,"column":34}},"2":{"start":{"line":3,"column":24},"end":{"line":3,"column":52}},"3":{"start":{"line":4,"column":28},"end":{"line":4,"column":76}},"4":{"start":{"line":5,"column":17},"end":{"line":5,"column":54}},"5":{"start":{"line":6,"column":20},"end":{"line":6,"column":60}},"6":{"start":{"line":7,"column":17},"end":{"line":7,"column":39}},"7":{"start":{"line":9,"column":0},"end":{"line":132,"column":2}},"8":{"start":{"line":16,"column":6},"end":{"line":16,"column":35}},"9":{"start":{"line":17,"column":6},"end":{"line":17,"column":18}},"10":{"start":{"line":46,"column":6},"end":{"line":48,"column":7}},"11":{"start":{"line":47,"column":8},"end":{"line":47,"column":79}},"12":{"start":{"line":49,"column":6},"end":{"line":49,"column":18}},"13":{"start":{"line":66,"column":6},"end":{"line":72,"column":8}},"14":{"start":{"line":67,"column":8},"end":{"line":71,"column":9}},"15":{"start":{"line":68,"column":10},"end":{"line":70,"column":12}},"16":{"start":{"line":80,"column":26},"end":{"line":82,"column":7}},"17":{"start":{"line":81,"column":8},"end":{"line":81,"column":43}},"18":{"start":{"line":83,"column":6},"end":{"line":85,"column":7}},"19":{"start":{"line":84,"column":8},"end":{"line":84,"column":76}},"20":{"start":{"line":88,"column":6},"end":{"line":97,"column":8}},"21":{"start":{"line":90,"column":10},"end":{"line":94,"column":11}},"22":{"start":{"line":91,"column":12},"end":{"line":93,"column":14}},"23":{"start":{"line":95,"column":10},"end":{"line":95,"column":22}},"24":{"start":{"line":100,"column":6},"end":{"line":114,"column":7}},"25":{"start":{"line":102,"column":39},"end":{"line":102,"column":41}},"26":{"start":{"line":103,"column":10},"end":{"line":105,"column":13}},"27":{"start":{"line":104,"column":12},"end":{"line":104,"column":66}},"28":{"start":{"line":107,"column":26},"end":{"line":107,"column":79}},"29":{"start":{"line":107,"column":43},"end":{"line":107,"column":79}},"30":{"start":{"line":107,"column":63},"end":{"line":107,"column":78}},"31":{"start":{"line":108,"column":10},"end":{"line":112,"column":11}},"32":{"start":{"line":109,"column":12},"end":{"line":111,"column":14}},"33":{"start":{"line":134,"column":0},"end":{"line":137,"column":2}},"34":{"start":{"line":139,"column":0},"end":{"line":148,"column":2}},"35":{"start":{"line":144,"column":6},"end":{"line":144,"column":35}},"36":{"start":{"line":145,"column":6},"end":{"line":145,"column":18}},"37":{"start":{"line":150,"column":0},"end":{"line":153,"column":2}}},"fnMap":{"0":{"name":"(anonymous_0)","decl":{"start":{"line":15,"column":12},"end":{"line":15,"column":13}},"loc":{"start":{"line":15,"column":30},"end":{"line":18,"column":5}},"line":15},"1":{"name":"(anonymous_1)","decl":{"start":{"line":45,"column":12},"end":{"line":45,"column":13}},"loc":{"start":{"line":45,"column":32},"end":{"line":50,"column":5}},"line":45},"2":{"name":"(anonymous_2)","decl":{"start":{"line":65,"column":12},"end":{"line":65,"column":13}},"loc":{"start":{"line":66,"column":6},"end":{"line":72,"column":8}},"line":66},"3":{"name":"(anonymous_3)","decl":{"start":{"line":66,"column":41},"end":{"line":66,"column":42}},"loc":{"start":{"line":66,"column":55},"end":{"line":72,"column":7}},"line":66},"4":{"name":"(anonymous_4)","decl":{"start":{"line":78,"column":12},"end":{"line":78,"column":13}},"loc":{"start":{"line":78,"column":34},"end":{"line":98,"column":5}},"line":78},"5":{"name":"(anonymous_5)","decl":{"start":{"line":80,"column":49},"end":{"line":80,"column":50}},"loc":{"start":{"line":81,"column":8},"end":{"line":81,"column":43}},"line":81},"6":{"name":"(anonymous_6)","decl":{"start":{"line":89,"column":8},"end":{"line":89,"column":9}},"loc":{"start":{"line":89,"column":20},"end":{"line":96,"column":9}},"line":89},"7":{"name":"(anonymous_7)","decl":{"start":{"line":99,"column":12},"end":{"line":99,"column":13}},"loc":{"start":{"line":100,"column":6},"end":{"line":114,"column":7}},"line":100},"8":{"name":"(anonymous_8)","decl":{"start":{"line":101,"column":8},"end":{"line":101,"column":9}},"loc":{"start":{"line":101,"column":27},"end":{"line":113,"column":9}},"line":101},"9":{"name":"(anonymous_9)","decl":{"start":{"line":103,"column":32},"end":{"line":103,"column":33}},"loc":{"start":{"line":103,"column":49},"end":{"line":105,"column":11}},"line":103},"10":{"name":"(anonymous_10)","decl":{"start":{"line":107,"column":26},"end":{"line":107,"column":27}},"loc":{"start":{"line":107,"column":43},"end":{"line":107,"column":79}},"line":107},"11":{"name":"(anonymous_11)","decl":{"start":{"line":107,"column":56},"end":{"line":107,"column":57}},"loc":{"start":{"line":107,"column":63},"end":{"line":107,"column":78}},"line":107},"12":{"name":"(anonymous_12)","decl":{"start":{"line":143,"column":12},"end":{"line":143,"column":13}},"loc":{"start":{"line":143,"column":30},"end":{"line":146,"column":5}},"line":143}},"branchMap":{"0":{"loc":{"start":{"line":46,"column":6},"end":{"line":48,"column":7}},"type":"if","locations":[{"start":{"line":46,"column":6},"end":{"line":48,"column":7}},{"start":{},"end":{}}],"line":46},"1":{"loc":{"start":{"line":67,"column":8},"end":{"line":71,"column":9}},"type":"if","locations":[{"start":{"line":67,"column":8},"end":{"line":71,"column":9}},{"start":{},"end":{}}],"line":67},"2":{"loc":{"start":{"line":83,"column":6},"end":{"line":85,"column":7}},"type":"if","locations":[{"start":{"line":83,"column":6},"end":{"line":85,"column":7}},{"start":{},"end":{}}],"line":83},"3":{"loc":{"start":{"line":90,"column":10},"end":{"line":94,"column":11}},"type":"if","locations":[{"start":{"line":90,"column":10},"end":{"line":94,"column":11}},{"start":{},"end":{}}],"line":90},"4":{"loc":{"start":{"line":108,"column":10},"end":{"line":112,"column":11}},"type":"if","locations":[{"start":{"line":108,"column":10},"end":{"line":112,"column":11}},{"start":{},"end":{}}],"line":108}},"s":{"0":1,"1":1,"2":1,"3":1,"4":1,"5":1,"6":1,"7":1,"8":1,"9":1,"10":0,"11":0,"12":0,"13":1,"14":1,"15":0,"16":0,"17":0,"18":0,"19":0,"20":0,"21":0,"22":0,"23":0,"24":0,"25":0,"26":0,"27":0,"28":0,"29":0,"30":0,"31":0,"32":0,"33":1,"34":1,"35":1,"36":1,"37":1},"f":{"0":1,"1":0,"2":1,"3":1,"4":0,"5":0,"6":0,"7":0,"8":0,"9":0,"10":0,"11":0,"12":1},"b":{"0":[0,0],"1":[0,1],"2":[0,0],"3":[0,0],"4":[0,0]},"_coverageSchema":"1a1c01bbd47fc00a2c39e90264f33305004495a9","hash":"bb279a69c3d0c31c8feb147ab905bfbd16ec2240"}
,"C:\\Users\\ahmed\\Desktop\\NodeJS\\projects\\car-parts-backend\\utils\\validators\\reviewValidator.js": {"path":"C:\\Users\\ahmed\\Desktop\\NodeJS\\projects\\car-parts-backend\\utils\\validators\\reviewValidator.js","statementMap":{"0":{"start":{"line":1,"column":18},"end":{"line":1,"column":46}},"1":{"start":{"line":2,"column":28},"end":{"line":2,"column":76}},"2":{"start":{"line":3,"column":15},"end":{"line":3,"column":50}},"3":{"start":{"line":4,"column":17},"end":{"line":4,"column":39}},"4":{"start":{"line":6,"column":0},"end":{"line":31,"column":2}},"5":{"start":{"line":19,"column":6},"end":{"line":28,"column":7}},"6":{"start":{"line":22,"column":10},"end":{"line":26,"column":11}},"7":{"start":{"line":23,"column":12},"end":{"line":25,"column":14}},"8":{"start":{"line":33,"column":0},"end":{"line":36,"column":2}},"9":{"start":{"line":38,"column":0},"end":{"line":59,"column":2}},"10":{"start":{"line":44,"column":6},"end":{"line":56,"column":8}},"11":{"start":{"line":45,"column":8},"end":{"line":49,"column":9}},"12":{"start":{"line":46,"column":10},"end":{"line":48,"column":12}},"13":{"start":{"line":51,"column":8},"end":{"line":55,"column":9}},"14":{"start":{"line":52,"column":10},"end":{"line":54,"column":12}},"15":{"start":{"line":61,"column":0},"end":{"line":86,"column":2}},"16":{"start":{"line":67,"column":6},"end":{"line":82,"column":7}},"17":{"start":{"line":68,"column":8},"end":{"line":81,"column":11}},"18":{"start":{"line":69,"column":10},"end":{"line":73,"column":11}},"19":{"start":{"line":70,"column":12},"end":{"line":72,"column":14}},"20":{"start":{"line":76,"column":10},"end":{"line":80,"column":11}},"21":{"start":{"line":77,"column":12},"end":{"line":79,"column":14}},"22":{"start":{"line":83,"column":6},"end":{"line":83,"column":18}}},"fnMap":{"0":{"name":"(anonymous_0)","decl":{"start":{"line":17,"column":12},"end":{"line":17,"column":13}},"loc":{"start":{"line":19,"column":6},"end":{"line":28,"column":7}},"line":19},"1":{"name":"(anonymous_1)","decl":{"start":{"line":20,"column":8},"end":{"line":20,"column":9}},"loc":{"start":{"line":20,"column":20},"end":{"line":27,"column":9}},"line":20},"2":{"name":"(anonymous_2)","decl":{"start":{"line":42,"column":12},"end":{"line":42,"column":13}},"loc":{"start":{"line":44,"column":6},"end":{"line":56,"column":8}},"line":44},"3":{"name":"(anonymous_3)","decl":{"start":{"line":44,"column":32},"end":{"line":44,"column":33}},"loc":{"start":{"line":44,"column":44},"end":{"line":56,"column":7}},"line":44},"4":{"name":"(anonymous_4)","decl":{"start":{"line":65,"column":12},"end":{"line":65,"column":13}},"loc":{"start":{"line":65,"column":30},"end":{"line":84,"column":5}},"line":65},"5":{"name":"(anonymous_5)","decl":{"start":{"line":68,"column":41},"end":{"line":68,"column":42}},"loc":{"start":{"line":68,"column":53},"end":{"line":81,"column":9}},"line":68}},"branchMap":{"0":{"loc":{"start":{"line":22,"column":10},"end":{"line":26,"column":11}},"type":"if","locations":[{"start":{"line":22,"column":10},"end":{"line":26,"column":11}},{"start":{},"end":{}}],"line":22},"1":{"loc":{"start":{"line":45,"column":8},"end":{"line":49,"column":9}},"type":"if","locations":[{"start":{"line":45,"column":8},"end":{"line":49,"column":9}},{"start":{},"end":{}}],"line":45},"2":{"loc":{"start":{"line":51,"column":8},"end":{"line":55,"column":9}},"type":"if","locations":[{"start":{"line":51,"column":8},"end":{"line":55,"column":9}},{"start":{},"end":{}}],"line":51},"3":{"loc":{"start":{"line":67,"column":6},"end":{"line":82,"column":7}},"type":"if","locations":[{"start":{"line":67,"column":6},"end":{"line":82,"column":7}},{"start":{},"end":{}}],"line":67},"4":{"loc":{"start":{"line":69,"column":10},"end":{"line":73,"column":11}},"type":"if","locations":[{"start":{"line":69,"column":10},"end":{"line":73,"column":11}},{"start":{},"end":{}}],"line":69},"5":{"loc":{"start":{"line":76,"column":10},"end":{"line":80,"column":11}},"type":"if","locations":[{"start":{"line":76,"column":10},"end":{"line":80,"column":11}},{"start":{},"end":{}}],"line":76}},"s":{"0":1,"1":1,"2":1,"3":1,"4":1,"5":0,"6":0,"7":0,"8":1,"9":1,"10":0,"11":0,"12":0,"13":0,"14":0,"15":1,"16":0,"17":0,"18":0,"19":0,"20":0,"21":0,"22":0},"f":{"0":0,"1":0,"2":0,"3":0,"4":0,"5":0},"b":{"0":[0,0],"1":[0,0],"2":[0,0],"3":[0,0],"4":[0,0],"5":[0,0]},"_coverageSchema":"1a1c01bbd47fc00a2c39e90264f33305004495a9","hash":"cb898340caed7d1e7d9639318da7484be9cdf01b"}
,"C:\\Users\\ahmed\\Desktop\\NodeJS\\projects\\car-parts-backend\\utils\\validators\\subCategoryValidator.js": {"path":"C:\\Users\\ahmed\\Desktop\\NodeJS\\projects\\car-parts-backend\\utils\\validators\\subCategoryValidator.js","statementMap":{"0":{"start":{"line":1,"column":18},"end":{"line":1,"column":46}},"1":{"start":{"line":2,"column":28},"end":{"line":2,"column":76}},"2":{"start":{"line":6,"column":0},"end":{"line":9,"column":2}},"3":{"start":{"line":11,"column":0},"end":{"line":25,"column":2}},"4":{"start":{"line":27,"column":0},"end":{"line":30,"column":2}},"5":{"start":{"line":32,"column":0},"end":{"line":35,"column":2}}},"fnMap":{},"branchMap":{},"s":{"0":1,"1":1,"2":1,"3":1,"4":1,"5":1},"f":{},"b":{},"_coverageSchema":"1a1c01bbd47fc00a2c39e90264f33305004495a9","hash":"b7a82a750d64b80ae1e3499f5afeaf448de08f04"}
,"C:\\Users\\ahmed\\Desktop\\NodeJS\\projects\\car-parts-backend\\utils\\validators\\userValidator.js": {"path":"C:\\Users\\ahmed\\Desktop\\NodeJS\\projects\\car-parts-backend\\utils\\validators\\userValidator.js","statementMap":{"0":{"start":{"line":1,"column":16},"end":{"line":1,"column":34}},"1":{"start":{"line":2,"column":24},"end":{"line":2,"column":52}},"2":{"start":{"line":3,"column":28},"end":{"line":3,"column":76}},"3":{"start":{"line":4,"column":13},"end":{"line":4,"column":46}},"4":{"start":{"line":5,"column":17},"end":{"line":5,"column":39}},"5":{"start":{"line":7,"column":0},"end":{"line":56,"column":2}},"6":{"start":{"line":14,"column":6},"end":{"line":14,"column":35}},"7":{"start":{"line":15,"column":6},"end":{"line":15,"column":18}},"8":{"start":{"line":24,"column":6},"end":{"line":28,"column":8}},"9":{"start":{"line":25,"column":8},"end":{"line":27,"column":9}},"10":{"start":{"line":26,"column":10},"end":{"line":26,"column":72}},"11":{"start":{"line":37,"column":6},"end":{"line":39,"column":7}},"12":{"start":{"line":38,"column":8},"end":{"line":38,"column":62}},"13":{"start":{"line":40,"column":6},"end":{"line":40,"column":18}},"14":{"start":{"line":58,"column":0},"end":{"line":61,"column":2}},"15":{"start":{"line":63,"column":0},"end":{"line":90,"column":2}},"16":{"start":{"line":68,"column":6},"end":{"line":68,"column":35}},"17":{"start":{"line":69,"column":6},"end":{"line":69,"column":18}},"18":{"start":{"line":76,"column":6},"end":{"line":80,"column":8}},"19":{"start":{"line":77,"column":8},"end":{"line":79,"column":9}},"20":{"start":{"line":78,"column":10},"end":{"line":78,"column":77}},"21":{"start":{"line":92,"column":0},"end":{"line":123,"column":2}},"22":{"start":{"line":105,"column":19},"end":{"line":105,"column":73}},"23":{"start":{"line":106,"column":6},"end":{"line":108,"column":7}},"24":{"start":{"line":107,"column":8},"end":{"line":107,"column":64}},"25":{"start":{"line":110,"column":6},"end":{"line":114,"column":7}},"26":{"start":{"line":113,"column":8},"end":{"line":113,"column":62}},"27":{"start":{"line":117,"column":6},"end":{"line":119,"column":7}},"28":{"start":{"line":118,"column":8},"end":{"line":118,"column":58}},"29":{"start":{"line":120,"column":6},"end":{"line":120,"column":18}},"30":{"start":{"line":125,"column":0},"end":{"line":128,"column":2}},"31":{"start":{"line":130,"column":0},"end":{"line":154,"column":2}},"32":{"start":{"line":134,"column":6},"end":{"line":134,"column":35}},"33":{"start":{"line":135,"column":6},"end":{"line":135,"column":18}},"34":{"start":{"line":142,"column":6},"end":{"line":146,"column":8}},"35":{"start":{"line":143,"column":8},"end":{"line":145,"column":9}},"36":{"start":{"line":144,"column":10},"end":{"line":144,"column":77}}},"fnMap":{"0":{"name":"(anonymous_0)","decl":{"start":{"line":13,"column":12},"end":{"line":13,"column":13}},"loc":{"start":{"line":13,"column":30},"end":{"line":16,"column":5}},"line":13},"1":{"name":"(anonymous_1)","decl":{"start":{"line":23,"column":12},"end":{"line":23,"column":13}},"loc":{"start":{"line":24,"column":6},"end":{"line":28,"column":8}},"line":24},"2":{"name":"(anonymous_2)","decl":{"start":{"line":24,"column":40},"end":{"line":24,"column":41}},"loc":{"start":{"line":24,"column":50},"end":{"line":28,"column":7}},"line":24},"3":{"name":"(anonymous_3)","decl":{"start":{"line":36,"column":12},"end":{"line":36,"column":13}},"loc":{"start":{"line":36,"column":35},"end":{"line":41,"column":5}},"line":36},"4":{"name":"(anonymous_4)","decl":{"start":{"line":67,"column":12},"end":{"line":67,"column":13}},"loc":{"start":{"line":67,"column":30},"end":{"line":70,"column":5}},"line":67},"5":{"name":"(anonymous_5)","decl":{"start":{"line":75,"column":12},"end":{"line":75,"column":13}},"loc":{"start":{"line":76,"column":6},"end":{"line":80,"column":8}},"line":76},"6":{"name":"(anonymous_6)","decl":{"start":{"line":76,"column":40},"end":{"line":76,"column":41}},"loc":{"start":{"line":76,"column":50},"end":{"line":80,"column":7}},"line":76},"7":{"name":"(anonymous_7)","decl":{"start":{"line":103,"column":12},"end":{"line":103,"column":13}},"loc":{"start":{"line":103,"column":36},"end":{"line":121,"column":5}},"line":103},"8":{"name":"(anonymous_8)","decl":{"start":{"line":133,"column":12},"end":{"line":133,"column":13}},"loc":{"start":{"line":133,"column":30},"end":{"line":136,"column":5}},"line":133},"9":{"name":"(anonymous_9)","decl":{"start":{"line":141,"column":12},"end":{"line":141,"column":13}},"loc":{"start":{"line":142,"column":6},"end":{"line":146,"column":8}},"line":142},"10":{"name":"(anonymous_10)","decl":{"start":{"line":142,"column":40},"end":{"line":142,"column":41}},"loc":{"start":{"line":142,"column":50},"end":{"line":146,"column":7}},"line":142}},"branchMap":{"0":{"loc":{"start":{"line":25,"column":8},"end":{"line":27,"column":9}},"type":"if","locations":[{"start":{"line":25,"column":8},"end":{"line":27,"column":9}},{"start":{},"end":{}}],"line":25},"1":{"loc":{"start":{"line":37,"column":6},"end":{"line":39,"column":7}},"type":"if","locations":[{"start":{"line":37,"column":6},"end":{"line":39,"column":7}},{"start":{},"end":{}}],"line":37},"2":{"loc":{"start":{"line":77,"column":8},"end":{"line":79,"column":9}},"type":"if","locations":[{"start":{"line":77,"column":8},"end":{"line":79,"column":9}},{"start":{},"end":{}}],"line":77},"3":{"loc":{"start":{"line":106,"column":6},"end":{"line":108,"column":7}},"type":"if","locations":[{"start":{"line":106,"column":6},"end":{"line":108,"column":7}},{"start":{},"end":{}}],"line":106},"4":{"loc":{"start":{"line":110,"column":6},"end":{"line":114,"column":7}},"type":"if","locations":[{"start":{"line":110,"column":6},"end":{"line":114,"column":7}},{"start":{},"end":{}}],"line":110},"5":{"loc":{"start":{"line":117,"column":6},"end":{"line":119,"column":7}},"type":"if","locations":[{"start":{"line":117,"column":6},"end":{"line":119,"column":7}},{"start":{},"end":{}}],"line":117},"6":{"loc":{"start":{"line":143,"column":8},"end":{"line":145,"column":9}},"type":"if","locations":[{"start":{"line":143,"column":8},"end":{"line":145,"column":9}},{"start":{},"end":{}}],"line":143}},"s":{"0":1,"1":1,"2":1,"3":1,"4":1,"5":1,"6":0,"7":0,"8":0,"9":0,"10":0,"11":0,"12":0,"13":0,"14":1,"15":1,"16":0,"17":0,"18":0,"19":0,"20":0,"21":1,"22":0,"23":0,"24":0,"25":0,"26":0,"27":0,"28":0,"29":0,"30":1,"31":1,"32":0,"33":0,"34":0,"35":0,"36":0},"f":{"0":0,"1":0,"2":0,"3":0,"4":0,"5":0,"6":0,"7":0,"8":0,"9":0,"10":0},"b":{"0":[0,0],"1":[0,0],"2":[0,0],"3":[0,0],"4":[0,0],"5":[0,0],"6":[0,0]},"_coverageSchema":"1a1c01bbd47fc00a2c39e90264f33305004495a9","hash":"5cf63422d12af9b9652510b4dd0c5f13d943f5d4"}
}
