TN:
SF:app.js
FN:91,(anonymous_0)
FNF:1
FNH:0
FNDA:0,(anonymous_0)
DA:3,1
DA:6,1
DA:9,1
DA:10,1
DA:11,1
DA:12,1
DA:13,1
DA:14,1
DA:15,1
DA:16,1
DA:17,1
DA:18,1
DA:20,1
DA:21,1
DA:24,1
DA:25,1
DA:30,1
DA:33,1
DA:42,1
DA:45,1
DA:48,1
DA:51,1
DA:54,1
DA:57,1
DA:59,1
DA:60,1
DA:61,1
DA:64,1
DA:69,1
DA:72,1
DA:85,1
DA:88,1
DA:91,1
DA:92,0
DA:96,1
DA:98,1
LF:36
LH:35
BRDA:85,0,0,0
BRDA:85,0,1,1
BRF:2
BRH:1
end_of_record
TN:
SF:controllers\addressControllers.js
FN:4,(anonymous_0)
FN:22,(anonymous_1)
FN:40,(anonymous_2)
FNF:3
FNH:0
FNDA:0,(anonymous_0)
FNDA:0,(anonymous_1)
FNDA:0,(anonymous_2)
DA:1,1
DA:2,1
DA:4,1
DA:6,0
DA:15,0
DA:22,1
DA:24,0
DA:33,0
DA:40,1
DA:41,0
DA:43,0
LF:11
LH:5
BRF:0
BRH:0
end_of_record
TN:
SF:controllers\authControllers.js
FN:9,(anonymous_0)
FN:16,(anonymous_1)
FN:39,(anonymous_2)
FN:57,(anonymous_3)
FN:74,(anonymous_4)
FN:89,(anonymous_5)
FN:135,(anonymous_6)
FN:136,(anonymous_7)
FN:147,(anonymous_8)
FN:193,(anonymous_9)
FN:227,(anonymous_10)
FNF:11
FNH:3
FNDA:0,(anonymous_0)
FNDA:0,(anonymous_1)
FNDA:0,(anonymous_2)
FNDA:0,(anonymous_3)
FNDA:0,(anonymous_4)
FNDA:8,(anonymous_5)
FNDA:24,(anonymous_6)
FNDA:6,(anonymous_7)
FNDA:0,(anonymous_8)
FNDA:0,(anonymous_9)
FNDA:0,(anonymous_10)
DA:1,1
DA:2,1
DA:3,1
DA:4,1
DA:5,1
DA:6,1
DA:7,1
DA:9,1
DA:10,0
DA:13,0
DA:16,1
DA:18,0
DA:20,0
DA:29,0
DA:32,0
DA:39,1
DA:40,0
DA:47,0
DA:54,0
DA:57,1
DA:58,0
DA:63,0
DA:66,0
DA:67,0
DA:71,0
DA:74,1
DA:76,0
DA:83,0
DA:89,1
DA:93,8
DA:94,0
DA:95,8
DA:99,7
DA:103,8
DA:104,2
DA:110,6
DA:113,6
DA:116,6
DA:117,0
DA:123,6
DA:124,0
DA:129,6
DA:130,6
DA:134,1
DA:136,24
DA:138,6
DA:139,2
DA:144,4
DA:147,1
DA:148,0
DA:150,0
DA:153,0
DA:155,0
DA:158,0
DA:159,0
DA:161,0
DA:162,0
DA:171,0
DA:172,0
DA:179,0
DA:180,0
DA:181,0
DA:182,0
DA:184,0
DA:187,0
DA:193,1
DA:195,0
DA:196,0
DA:200,0
DA:206,0
DA:212,0
DA:213,0
DA:217,0
DA:218,0
DA:221,0
DA:227,1
DA:228,0
DA:230,0
DA:232,0
DA:233,0
DA:239,0
DA:241,0
DA:242,0
DA:247,0
DA:248,0
DA:250,0
DA:251,0
DA:254,0
DA:255,0
DA:256,0
DA:257,0
DA:258,0
DA:261,0
DA:262,0
DA:270,0
DA:272,0
LF:96
LH:32
BRDA:25,0,0,0
BRDA:25,0,1,0
BRDA:66,1,0,0
BRDA:66,1,1,0
BRDA:66,2,0,0
BRDA:66,2,1,0
BRDA:93,3,0,0
BRDA:93,3,1,8
BRDA:95,4,0,7
BRDA:95,4,1,1
BRDA:96,5,0,8
BRDA:96,5,1,7
BRDA:103,6,0,2
BRDA:103,6,1,6
BRDA:116,7,0,0
BRDA:116,7,1,6
BRDA:123,8,0,0
BRDA:123,8,1,6
BRDA:138,9,0,2
BRDA:138,9,1,4
BRDA:150,10,0,0
BRDA:150,10,1,0
BRDA:155,11,0,0
BRDA:155,11,1,0
BRDA:195,12,0,0
BRDA:195,12,1,0
BRDA:212,13,0,0
BRDA:212,13,1,0
BRDA:230,14,0,0
BRDA:230,14,1,0
BRDA:232,15,0,0
BRDA:232,15,1,0
BRDA:232,16,0,0
BRDA:232,16,1,0
BRDA:241,17,0,0
BRDA:241,17,1,0
BRDA:247,18,0,0
BRDA:247,18,1,0
BRDA:250,19,0,0
BRDA:250,19,1,0
BRF:40
BRH:11
end_of_record
TN:
SF:controllers\brandControllers.js
FN:10,(anonymous_0)
FNF:1
FNH:0
FNDA:0,(anonymous_0)
DA:1,1
DA:2,1
DA:3,1
DA:4,1
DA:5,1
DA:6,1
DA:8,1
DA:10,1
DA:11,0
DA:13,0
DA:15,0
DA:21,0
DA:23,0
DA:28,1
DA:32,1
DA:36,1
DA:40,1
DA:44,1
LF:18
LH:13
BRDA:11,0,0,0
BRDA:11,0,1,0
BRF:2
BRH:0
end_of_record
TN:
SF:controllers\cartControllers.js
FN:7,(anonymous_0)
FN:9,(anonymous_1)
FN:18,(anonymous_2)
FN:34,(anonymous_3)
FN:56,(anonymous_4)
FN:96,(anonymous_5)
FN:117,(anonymous_6)
FN:123,(anonymous_7)
FN:132,(anonymous_8)
FN:150,(anonymous_9)
FNF:10
FNH:0
FNDA:0,(anonymous_0)
FNDA:0,(anonymous_1)
FNDA:0,(anonymous_2)
FNDA:0,(anonymous_3)
FNDA:0,(anonymous_4)
FNDA:0,(anonymous_5)
FNDA:0,(anonymous_6)
FNDA:0,(anonymous_7)
FNDA:0,(anonymous_8)
FNDA:0,(anonymous_9)
DA:1,1
DA:2,1
DA:3,1
DA:4,1
DA:5,1
DA:7,1
DA:8,0
DA:9,0
DA:10,0
DA:13,0
DA:15,0
DA:18,1
DA:19,0
DA:20,0
DA:22,0
DA:24,0
DA:26,0
DA:33,0
DA:34,0
DA:36,0
DA:38,0
DA:41,0
DA:46,0
DA:47,0
DA:49,0
DA:56,1
DA:57,0
DA:59,0
DA:60,0
DA:65,0
DA:96,1
DA:97,0
DA:107,0
DA:108,0
DA:110,0
DA:117,1
DA:118,0
DA:120,0
DA:123,1
DA:124,0
DA:126,0
DA:127,0
DA:131,0
DA:132,0
DA:134,0
DA:135,0
DA:138,0
DA:140,0
DA:141,0
DA:143,0
DA:150,1
DA:151,0
DA:156,0
DA:158,0
DA:160,0
DA:164,0
DA:166,0
LF:57
LH:12
BRDA:24,0,0,0
BRDA:24,0,1,0
BRDA:34,1,0,0
BRDA:34,1,1,0
BRDA:36,2,0,0
BRDA:36,2,1,0
BRDA:59,3,0,0
BRDA:59,3,1,0
BRDA:126,4,0,0
BRDA:126,4,1,0
BRDA:134,5,0,0
BRDA:134,5,1,0
BRDA:156,6,0,0
BRDA:156,6,1,0
BRF:14
BRH:0
end_of_record
TN:
SF:controllers\categoryControllers.js
FN:39,(anonymous_0)
FN:53,(anonymous_1)
FNF:2
FNH:0
FNDA:0,(anonymous_0)
FNDA:0,(anonymous_1)
DA:2,1
DA:3,1
DA:4,1
DA:5,1
DA:6,1
DA:7,1
DA:36,1
DA:39,1
DA:40,0
DA:41,0
DA:43,0
DA:49,0
DA:50,0
DA:53,1
DA:55,0
DA:56,0
DA:57,0
DA:62,1
DA:66,1
DA:70,1
DA:74,1
DA:78,1
LF:22
LH:14
BRDA:40,0,0,0
BRDA:40,0,1,0
BRDA:55,1,0,0
BRDA:55,1,1,0
BRF:4
BRH:0
end_of_record
TN:
SF:controllers\couponControllers.js
FNF:0
FNH:0
DA:1,1
DA:2,1
DA:4,1
DA:5,1
DA:6,1
DA:7,1
DA:8,1
LF:7
LH:7
BRF:0
BRH:0
end_of_record
TN:
SF:controllers\handlerFactory.js
FN:6,(anonymous_0)
FN:7,(anonymous_1)
FN:48,(anonymous_2)
FN:49,(anonymous_3)
FN:68,(anonymous_4)
FN:69,(anonymous_5)
FN:93,(anonymous_6)
FN:94,(anonymous_7)
FN:107,(anonymous_8)
FN:108,(anonymous_9)
FNF:10
FNH:10
FNDA:8,(anonymous_0)
FNDA:1,(anonymous_1)
FNDA:7,(anonymous_2)
FNDA:1,(anonymous_3)
FNDA:8,(anonymous_4)
FNDA:2,(anonymous_5)
FNDA:7,(anonymous_6)
FNDA:1,(anonymous_7)
FNDA:6,(anonymous_8)
FNDA:1,(anonymous_9)
DA:1,1
DA:2,1
DA:3,1
DA:4,1
DA:6,1
DA:7,8
DA:8,1
DA:11,1
DA:13,1
DA:14,1
DA:22,1
DA:24,1
DA:25,0
DA:29,1
DA:38,1
DA:48,1
DA:49,7
DA:51,1
DA:54,1
DA:56,1
DA:58,1
DA:60,1
DA:68,1
DA:69,8
DA:70,2
DA:72,2
DA:73,2
DA:77,2
DA:79,2
DA:80,1
DA:85,1
DA:93,1
DA:94,7
DA:96,1
DA:98,1
DA:99,0
DA:101,1
DA:107,1
DA:108,6
DA:110,1
DA:112,1
DA:117,1
DA:118,0
DA:121,1
DA:123,1
LF:45
LH:42
BRDA:6,0,0,7
BRDA:11,1,0,0
BRDA:11,1,1,1
BRDA:24,2,0,0
BRDA:24,2,1,1
BRDA:51,3,0,0
BRDA:51,3,1,1
BRDA:56,4,0,1
BRDA:56,4,1,0
BRDA:72,5,0,2
BRDA:72,5,1,0
BRDA:79,6,0,1
BRDA:79,6,1,1
BRDA:98,7,0,0
BRDA:98,7,1,1
BRDA:110,8,0,1
BRDA:110,8,1,0
BRDA:117,9,0,0
BRDA:117,9,1,1
BRF:19
BRH:11
end_of_record
TN:
SF:controllers\orderControllers.js
FN:11,(anonymous_0)
FN:42,(anonymous_1)
FN:59,(anonymous_2)
FN:71,(anonymous_3)
FN:87,(anonymous_4)
FN:103,(anonymous_5)
FN:146,(anonymous_6)
FN:171,(anonymous_7)
FN:189,(anonymous_8)
FNF:9
FNH:0
FNDA:0,(anonymous_0)
FNDA:0,(anonymous_1)
FNDA:0,(anonymous_2)
FNDA:0,(anonymous_3)
FNDA:0,(anonymous_4)
FNDA:0,(anonymous_5)
FNDA:0,(anonymous_6)
FNDA:0,(anonymous_7)
FNDA:0,(anonymous_8)
DA:1,1
DA:3,1
DA:4,1
DA:5,1
DA:6,1
DA:7,1
DA:8,1
DA:9,1
DA:11,1
DA:12,0
DA:13,0
DA:15,0
DA:16,0
DA:19,0
DA:23,0
DA:26,0
DA:41,0
DA:42,0
DA:49,0
DA:51,0
DA:53,0
DA:59,1
DA:60,0
DA:61,0
DA:64,0
DA:67,1
DA:69,1
DA:71,1
DA:72,0
DA:74,0
DA:76,0
DA:77,0
DA:79,0
DA:81,0
DA:87,1
DA:88,0
DA:90,0
DA:92,0
DA:93,0
DA:95,0
DA:97,0
DA:103,1
DA:104,0
DA:105,0
DA:106,0
DA:108,0
DA:109,0
DA:112,0
DA:116,0
DA:118,0
DA:140,0
DA:146,1
DA:147,0
DA:148,0
DA:149,0
DA:150,0
DA:152,0
DA:153,0
DA:155,0
DA:156,0
DA:159,0
DA:170,0
DA:171,0
DA:178,0
DA:181,0
DA:184,0
DA:189,1
DA:190,0
DA:193,0
DA:194,0
DA:200,0
DA:204,0
DA:205,0
DA:206,0
DA:209,0
LF:75
LH:17
BRDA:16,0,0,0
BRDA:16,0,1,0
BRDA:19,1,0,0
BRDA:19,1,1,0
BRDA:41,2,0,0
BRDA:41,2,1,0
BRDA:60,3,0,0
BRDA:60,3,1,0
BRDA:74,4,0,0
BRDA:74,4,1,0
BRDA:90,5,0,0
BRDA:90,5,1,0
BRDA:108,6,0,0
BRDA:108,6,1,0
BRDA:112,7,0,0
BRDA:112,7,1,0
BRDA:137,8,0,0
BRDA:137,8,1,0
BRDA:149,9,0,0
BRDA:149,9,1,0
BRDA:155,10,0,0
BRDA:155,10,1,0
BRDA:155,11,0,0
BRDA:155,11,1,0
BRDA:170,12,0,0
BRDA:170,12,1,0
BRDA:204,13,0,0
BRDA:204,13,1,0
BRF:28
BRH:0
end_of_record
TN:
SF:controllers\productControllers.js
FN:14,(anonymous_0)
FN:29,(anonymous_1)
FN:44,(anonymous_2)
FN:55,(anonymous_3)
FNF:4
FNH:2
FNDA:2,(anonymous_0)
FNDA:0,(anonymous_1)
FNDA:1,(anonymous_2)
FNDA:0,(anonymous_3)
DA:1,1
DA:2,1
DA:3,1
DA:4,1
DA:5,1
DA:6,1
DA:7,1
DA:9,1
DA:14,1
DA:15,2
DA:16,0
DA:17,0
DA:18,0
DA:24,0
DA:26,0
DA:27,0
DA:28,0
DA:30,0
DA:31,0
DA:37,0
DA:41,0
DA:44,1
DA:45,1
DA:46,1
DA:49,1
DA:50,1
DA:51,1
DA:52,1
DA:53,1
DA:55,1
DA:56,0
DA:58,0
DA:59,0
DA:63,0
DA:71,0
DA:73,0
LF:36
LH:19
BRDA:15,0,0,2
BRDA:15,0,1,0
BRDA:16,1,0,0
BRDA:16,1,1,0
BRDA:26,2,0,0
BRDA:26,2,1,0
BRDA:58,3,0,0
BRDA:58,3,1,0
BRF:8
BRH:1
end_of_record
TN:
SF:controllers\reviewControllers.js
FN:7,(anonymous_0)
FN:14,(anonymous_1)
FNF:2
FNH:0
FNDA:0,(anonymous_0)
FNDA:0,(anonymous_1)
DA:3,1
DA:4,1
DA:7,1
DA:9,0
DA:10,0
DA:11,0
DA:14,1
DA:15,0
DA:16,0
DA:17,0
DA:20,1
DA:22,1
DA:23,1
DA:24,1
DA:25,1
LF:15
LH:9
BRDA:9,0,0,0
BRDA:9,0,1,0
BRDA:15,1,0,0
BRDA:15,1,1,0
BRDA:16,2,0,0
BRDA:16,2,1,0
BRF:6
BRH:0
end_of_record
TN:
SF:controllers\subCategoryControllers.js
FN:9,(anonymous_0)
FNF:1
FNH:0
FNDA:0,(anonymous_0)
DA:1,1
DA:2,1
DA:9,1
DA:10,0
DA:11,0
DA:16,1
DA:20,1
DA:24,1
DA:28,1
DA:32,1
LF:10
LH:8
BRDA:10,0,0,0
BRDA:10,0,1,0
BRF:2
BRH:0
end_of_record
TN:
SF:controllers\userControllers.js
FN:11,(anonymous_0)
FN:13,(anonymous_1)
FN:22,(anonymous_2)
FN:42,(anonymous_3)
FN:68,(anonymous_4)
FN:84,(anonymous_5)
FN:113,(anonymous_6)
FN:119,(anonymous_7)
FN:152,(anonymous_8)
FN:201,(anonymous_9)
FNF:10
FNH:0
FNDA:0,(anonymous_0)
FNDA:0,(anonymous_1)
FNDA:0,(anonymous_2)
FNDA:0,(anonymous_3)
FNDA:0,(anonymous_4)
FNDA:0,(anonymous_5)
FNDA:0,(anonymous_6)
FNDA:0,(anonymous_7)
FNDA:0,(anonymous_8)
FNDA:0,(anonymous_9)
DA:1,1
DA:2,1
DA:3,1
DA:4,1
DA:5,1
DA:6,1
DA:7,1
DA:8,1
DA:9,1
DA:11,1
DA:12,0
DA:13,0
DA:14,0
DA:16,0
DA:19,1
DA:22,1
DA:23,0
DA:24,0
DA:26,0
DA:32,0
DA:34,0
DA:38,1
DA:39,1
DA:40,1
DA:42,1
DA:44,0
DA:45,0
DA:47,0
DA:50,0
DA:52,0
DA:57,0
DA:58,0
DA:61,0
DA:66,1
DA:68,1
DA:69,0
DA:71,0
DA:74,0
DA:75,0
DA:77,0
DA:84,1
DA:85,0
DA:86,0
DA:89,0
DA:90,0
DA:91,0
DA:95,0
DA:101,0
DA:102,0
DA:105,0
DA:113,1
DA:114,0
DA:116,0
DA:119,1
DA:121,0
DA:122,0
DA:130,0
DA:137,0
DA:141,0
DA:143,0
DA:152,1
DA:153,0
DA:155,0
DA:156,0
DA:157,0
DA:158,0
DA:159,0
DA:160,0
DA:162,0
DA:164,0
DA:166,0
DA:167,0
DA:169,0
DA:170,0
DA:172,0
DA:174,0
DA:176,0
DA:180,0
DA:188,0
DA:190,0
DA:201,1
DA:202,0
DA:204,0
LF:83
LH:23
BRDA:14,0,0,0
BRDA:14,0,1,0
BRDA:23,1,0,0
BRDA:23,1,1,0
BRDA:44,2,0,0
BRDA:44,2,1,0
BRDA:47,3,0,0
BRDA:47,3,1,0
BRDA:57,4,0,0
BRDA:57,4,1,0
BRDA:71,5,0,0
BRDA:71,5,1,0
BRDA:90,6,0,0
BRDA:90,6,1,0
BRDA:101,7,0,0
BRDA:101,7,1,0
BRDA:121,8,0,0
BRDA:121,8,1,0
BRDA:121,9,0,0
BRDA:121,9,1,0
BRDA:141,10,0,0
BRDA:141,10,1,0
BRDA:155,11,0,0
BRDA:155,11,1,0
BRDA:157,12,0,0
BRDA:157,12,1,0
BRDA:159,13,0,0
BRDA:159,13,1,0
BRDA:164,14,0,0
BRDA:164,14,1,0
BRDA:166,15,0,0
BRDA:166,15,1,0
BRDA:169,16,0,0
BRDA:169,16,1,0
BRF:34
BRH:0
end_of_record
TN:
SF:controllers\wishlistControllers.js
FN:4,(anonymous_0)
FN:22,(anonymous_1)
FN:40,(anonymous_2)
FNF:3
FNH:0
FNDA:0,(anonymous_0)
FNDA:0,(anonymous_1)
FNDA:0,(anonymous_2)
DA:1,1
DA:2,1
DA:4,1
DA:6,0
DA:15,0
DA:22,1
DA:24,0
DA:33,0
DA:40,1
DA:41,0
DA:43,0
LF:11
LH:5
BRF:0
BRH:0
end_of_record
TN:
SF:middlewares\errorHandler.js
FN:6,(anonymous_0)
FN:12,(anonymous_1)
FN:19,(anonymous_2)
FN:20,(anonymous_3)
FN:27,(anonymous_4)
FN:31,(anonymous_5)
FN:35,(anonymous_6)
FN:46,(anonymous_7)
FN:68,(anonymous_8)
FNF:9
FNH:2
FNDA:0,(anonymous_0)
FNDA:0,(anonymous_1)
FNDA:0,(anonymous_2)
FNDA:0,(anonymous_3)
FNDA:0,(anonymous_4)
FNDA:0,(anonymous_5)
FNDA:7,(anonymous_6)
FNDA:0,(anonymous_7)
FNDA:7,(anonymous_8)
DA:1,1
DA:3,1
DA:6,1
DA:7,0
DA:8,0
DA:12,1
DA:13,0
DA:14,0
DA:15,0
DA:19,1
DA:20,0
DA:21,0
DA:22,0
DA:27,1
DA:28,0
DA:31,1
DA:32,0
DA:35,1
DA:36,7
DA:46,1
DA:48,0
DA:49,0
DA:56,0
DA:57,0
DA:61,0
DA:68,1
DA:69,7
DA:70,7
DA:73,7
DA:75,7
DA:76,7
DA:77,0
DA:78,0
DA:79,0
DA:80,0
DA:81,0
DA:82,0
DA:84,0
LF:38
LH:16
BRDA:48,0,0,0
BRDA:48,0,1,0
BRDA:56,1,0,0
BRDA:56,1,1,0
BRDA:69,2,0,7
BRDA:69,2,1,0
BRDA:70,3,0,7
BRDA:70,3,1,0
BRDA:75,4,0,7
BRDA:75,4,1,0
BRDA:75,5,0,7
BRDA:75,5,1,7
BRDA:77,6,0,0
BRDA:77,6,1,0
BRDA:78,7,0,0
BRDA:78,7,1,0
BRDA:79,8,0,0
BRDA:79,8,1,0
BRDA:80,9,0,0
BRDA:80,9,1,0
BRDA:81,10,0,0
BRDA:81,10,1,0
BRDA:82,11,0,0
BRDA:82,11,1,0
BRF:24
BRH:5
end_of_record
TN:
SF:middlewares\uploadImageMiddleware.js
FN:20,(anonymous_0)
FN:23,(anonymous_1)
FN:36,(anonymous_2)
FN:38,(anonymous_3)
FNF:4
FNH:3
FNDA:4,(anonymous_0)
FNDA:0,(anonymous_1)
FNDA:3,(anonymous_2)
FNDA:1,(anonymous_3)
DA:1,1
DA:2,1
DA:20,1
DA:21,4
DA:23,4
DA:24,0
DA:25,0
DA:27,0
DA:31,4
DA:33,4
DA:36,3
DA:38,1
DA:39,1
LF:13
LH:10
BRDA:24,0,0,0
BRDA:24,0,1,0
BRF:2
BRH:0
end_of_record
TN:
SF:middlewares\validatorMiddleware.js
FN:6,(anonymous_0)
FN:13,(anonymous_1)
FNF:2
FNH:2
FNDA:7,(anonymous_0)
FNDA:2,(anonymous_1)
DA:2,1
DA:3,1
DA:6,1
DA:7,7
DA:8,7
DA:9,2
DA:13,2
DA:19,5
DA:22,1
LF:9
LH:9
BRDA:8,0,0,2
BRDA:8,0,1,5
BRF:2
BRH:2
end_of_record
TN:
SF:models\brandModel.js
FN:28,(anonymous_0)
FN:35,(anonymous_1)
FN:40,(anonymous_2)
FNF:3
FNH:0
FNDA:0,(anonymous_0)
FNDA:0,(anonymous_1)
FNDA:0,(anonymous_2)
DA:1,1
DA:3,1
DA:28,1
DA:29,0
DA:30,0
DA:31,0
DA:35,1
DA:36,0
DA:40,1
DA:41,0
DA:44,1
DA:46,1
LF:12
LH:7
BRDA:29,0,0,0
BRDA:29,0,1,0
BRF:2
BRH:0
end_of_record
TN:
SF:models\cartModel.js
FNF:0
FNH:0
DA:1,1
DA:3,1
DA:29,1
LF:3
LH:3
BRF:0
BRH:0
end_of_record
TN:
SF:models\categoryModel.js
FN:35,(anonymous_0)
FN:42,(anonymous_1)
FN:48,(anonymous_2)
FNF:3
FNH:3
FNDA:17,(anonymous_0)
FNDA:5,(anonymous_1)
FNDA:12,(anonymous_2)
DA:1,1
DA:3,1
DA:28,1
DA:35,1
DA:36,17
DA:37,0
DA:38,0
DA:42,1
DA:43,5
DA:48,1
DA:49,12
DA:52,1
DA:54,1
LF:13
LH:11
BRDA:36,0,0,0
BRDA:36,0,1,17
BRF:2
BRH:1
end_of_record
TN:
SF:models\couponModel.js
FNF:0
FNH:0
DA:1,1
DA:3,1
DA:25,1
DA:27,1
LF:4
LH:4
BRF:0
BRH:0
end_of_record
TN:
SF:models\orderModel.js
FN:57,(anonymous_0)
FNF:1
FNH:0
FNDA:0,(anonymous_0)
DA:1,1
DA:3,1
DA:57,1
DA:58,0
DA:66,0
DA:69,1
LF:6
LH:4
BRF:0
BRH:0
end_of_record
TN:
SF:models\productModel.js
FN:81,(anonymous_0)
FN:87,(anonymous_1)
FN:94,(anonymous_2)
FN:99,(anonymous_3)
FNF:4
FNH:4
FNDA:5,(anonymous_0)
FNDA:18,(anonymous_1)
FNDA:4,(anonymous_2)
FNDA:14,(anonymous_3)
DA:1,1
DA:3,1
DA:81,1
DA:82,5
DA:83,5
DA:87,1
DA:88,18
DA:89,0
DA:90,0
DA:94,1
DA:95,4
DA:99,1
DA:100,14
DA:104,1
DA:110,1
DA:112,1
DA:113,1
LF:17
LH:15
BRDA:88,0,0,0
BRDA:88,0,1,18
BRF:2
BRH:1
end_of_record
TN:
SF:models\reviewModel.js
FN:29,(anonymous_0)
FN:35,(anonymous_1)
FN:67,(anonymous_2)
FN:71,(anonymous_3)
FNF:4
FNH:1
FNDA:1,(anonymous_0)
FNDA:0,(anonymous_1)
FNDA:0,(anonymous_2)
FNDA:0,(anonymous_3)
DA:1,1
DA:2,1
DA:4,1
DA:29,1
DA:30,1
DA:31,1
DA:35,1
DA:38,0
DA:54,0
DA:55,0
DA:60,0
DA:67,1
DA:68,0
DA:71,1
DA:72,0
DA:73,0
DA:80,1
DA:81,1
LF:18
LH:11
BRDA:54,0,0,0
BRDA:54,0,1,0
BRDA:72,1,0,0
BRDA:72,1,1,0
BRF:4
BRH:0
end_of_record
TN:
SF:models\subCategoryModel.js
FNF:0
FNH:0
DA:1,1
DA:3,1
DA:28,1
DA:30,1
LF:4
LH:4
BRF:0
BRH:0
end_of_record
TN:
SF:models\userModel.js
FN:66,(anonymous_0)
FN:77,(anonymous_1)
FN:90,(anonymous_2)
FN:109,(anonymous_3)
FN:117,(anonymous_4)
FN:124,(anonymous_5)
FN:130,(anonymous_6)
FN:137,(anonymous_7)
FN:143,(anonymous_8)
FNF:9
FNH:7
FNDA:0,(anonymous_0)
FNDA:6,(anonymous_1)
FNDA:0,(anonymous_2)
FNDA:2,(anonymous_3)
FNDA:2,(anonymous_4)
FNDA:6,(anonymous_5)
FNDA:8,(anonymous_6)
FNDA:6,(anonymous_7)
FNDA:2,(anonymous_8)
DA:1,1
DA:3,1
DA:4,1
DA:6,1
DA:66,1
DA:70,0
DA:71,0
DA:73,0
DA:77,1
DA:78,6
DA:79,0
DA:83,0
DA:86,6
DA:90,1
DA:92,0
DA:95,0
DA:101,0
DA:102,0
DA:103,0
DA:105,0
DA:109,1
DA:110,2
DA:112,2
DA:113,2
DA:117,1
DA:118,2
DA:119,0
DA:120,0
DA:124,1
DA:125,6
DA:126,6
DA:130,1
DA:131,8
DA:132,0
DA:133,0
DA:137,1
DA:138,6
DA:143,1
DA:144,2
DA:147,1
DA:149,1
LF:41
LH:26
BRDA:70,0,0,0
BRDA:70,0,1,0
BRDA:70,1,0,0
BRDA:70,1,1,0
BRDA:78,2,0,0
BRDA:78,2,1,6
BRDA:110,3,0,0
BRDA:110,3,1,2
BRDA:118,4,0,2
BRDA:118,4,1,0
BRDA:118,5,0,2
BRDA:118,5,1,2
BRDA:131,6,0,0
BRDA:131,6,1,8
BRF:14
BRH:6
end_of_record
TN:
SF:routes\addressRoutes.js
FNF:0
FNH:0
DA:1,1
DA:2,1
DA:7,1
DA:8,1
DA:10,1
DA:12,1
DA:14,1
DA:19,1
DA:21,1
LF:9
LH:9
BRF:0
BRH:0
end_of_record
TN:
SF:routes\authRoutes.js
FNF:0
FNH:0
DA:1,1
DA:2,1
DA:6,1
DA:8,1
DA:10,1
DA:12,1
DA:14,1
DA:16,1
DA:18,1
DA:20,1
DA:22,1
LF:11
LH:11
BRF:0
BRH:0
end_of_record
TN:
SF:routes\brandRoutes.js
FNF:0
FNH:0
DA:1,1
DA:2,1
DA:8,1
DA:18,1
DA:20,1
DA:22,1
DA:34,1
DA:52,1
LF:8
LH:8
BRF:0
BRH:0
end_of_record
TN:
SF:routes\cartRoutes.js
FNF:0
FNH:0
DA:1,1
DA:2,1
DA:11,1
DA:13,1
DA:14,1
DA:16,1
DA:17,1
DA:22,1
DA:27,1
LF:9
LH:9
BRF:0
BRH:0
end_of_record
TN:
SF:routes\categoryRoutes.js
FNF:0
FNH:0
DA:1,1
DA:2,1
DA:3,1
DA:9,1
DA:18,1
DA:20,1
DA:23,1
DA:28,1
DA:40,1
DA:58,1
LF:10
LH:10
BRF:0
BRH:0
end_of_record
TN:
SF:routes\couponRoutes.js
FNF:0
FNH:0
DA:1,1
DA:2,1
DA:10,1
DA:12,1
DA:14,1
DA:19,1
DA:21,1
DA:23,1
LF:8
LH:8
BRF:0
BRH:0
end_of_record
TN:
SF:routes\index.js
FN:14,(anonymous_0)
FNF:1
FNH:1
FNDA:1,(anonymous_0)
DA:1,1
DA:2,1
DA:3,1
DA:4,1
DA:5,1
DA:6,1
DA:7,1
DA:8,1
DA:9,1
DA:10,1
DA:11,1
DA:12,1
DA:14,1
DA:15,1
DA:16,1
DA:17,1
DA:18,1
DA:19,1
DA:20,1
DA:21,1
DA:22,1
DA:23,1
DA:24,1
DA:25,1
DA:26,1
DA:29,1
LF:26
LH:26
BRF:0
BRH:0
end_of_record
TN:
SF:routes\orderRoutes.js
FNF:0
FNH:0
DA:1,1
DA:2,1
DA:3,1
DA:5,1
DA:7,1
DA:9,1
DA:11,1
DA:18,1
DA:20,1
DA:26,1
DA:31,1
DA:37,1
LF:12
LH:12
BRF:0
BRH:0
end_of_record
TN:
SF:routes\productRoutes.js
FNF:0
FNH:0
DA:1,1
DA:2,1
DA:3,1
DA:4,1
DA:11,1
DA:13,1
DA:16,1
DA:18,1
DA:22,1
DA:35,1
DA:53,1
LF:11
LH:11
BRF:0
BRH:0
end_of_record
TN:
SF:routes\reviewRoutes.js
FNF:0
FNH:0
DA:1,1
DA:2,1
DA:8,1
DA:18,1
DA:20,1
DA:22,1
DA:33,1
DA:49,1
LF:8
LH:8
BRF:0
BRH:0
end_of_record
TN:
SF:routes\subCategoryRoutes.js
FNF:0
FNH:0
DA:1,1
DA:2,1
DA:8,1
DA:17,1
DA:21,1
DA:31,1
DA:42,1
DA:58,1
LF:8
LH:8
BRF:0
BRH:0
end_of_record
TN:
SF:routes\userRoutes.js
FNF:0
FNH:0
DA:1,1
DA:2,1
DA:3,1
DA:12,1
DA:14,1
DA:17,1
DA:21,1
DA:27,1
DA:35,1
DA:37,1
DA:41,1
DA:44,1
DA:51,1
DA:55,1
DA:65,1
DA:76,1
LF:16
LH:16
BRF:0
BRH:0
end_of_record
TN:
SF:routes\wishlistRoutes.js
FNF:0
FNH:0
DA:1,1
DA:2,1
DA:7,1
DA:9,1
DA:11,1
DA:13,1
DA:15,1
DA:17,1
LF:8
LH:8
BRF:0
BRH:0
end_of_record
TN:
SF:tests\helpers\helper.js
FN:6,(anonymous_0)
FN:17,(anonymous_1)
FN:27,(anonymous_2)
FN:34,(anonymous_3)
FN:42,(anonymous_4)
FN:55,(anonymous_5)
FN:59,(anonymous_6)
FNF:7
FNH:7
FNDA:1,(anonymous_0)
FNDA:1,(anonymous_1)
FNDA:2,(anonymous_2)
FNDA:12,(anonymous_3)
FNDA:12,(anonymous_4)
FNDA:12,(anonymous_5)
FNDA:12,(anonymous_6)
DA:1,1
DA:2,1
DA:3,1
DA:4,1
DA:6,1
DA:7,1
DA:14,1
DA:17,1
DA:18,1
DA:24,1
DA:27,1
DA:28,2
DA:31,2
DA:34,1
DA:35,12
DA:38,12
DA:42,1
DA:43,12
DA:52,12
DA:55,1
DA:56,12
DA:59,1
DA:60,12
LF:23
LH:23
BRF:0
BRH:0
end_of_record
TN:
SF:utils\apiFeatures.js
FN:2,(anonymous_0)
FN:7,(anonymous_1)
FN:10,(anonymous_2)
FN:13,(anonymous_3)
FN:20,(anonymous_4)
FN:30,(anonymous_5)
FN:40,(anonymous_6)
FN:57,(anonymous_7)
FNF:8
FNH:7
FNDA:1,(anonymous_0)
FNDA:1,(anonymous_1)
FNDA:5,(anonymous_2)
FNDA:0,(anonymous_3)
FNDA:1,(anonymous_4)
FNDA:1,(anonymous_5)
FNDA:1,(anonymous_6)
FNDA:1,(anonymous_7)
DA:3,1
DA:4,1
DA:8,1
DA:9,1
DA:10,5
DA:12,1
DA:13,1
DA:15,1
DA:17,1
DA:21,1
DA:22,0
DA:23,0
DA:25,1
DA:27,1
DA:31,1
DA:32,0
DA:33,0
DA:35,1
DA:37,1
DA:41,1
DA:42,0
DA:43,0
DA:44,0
DA:49,0
DA:52,0
DA:54,1
DA:58,1
DA:59,1
DA:60,1
DA:61,1
DA:64,1
DA:65,1
DA:66,1
DA:67,1
DA:70,1
DA:71,0
DA:73,1
DA:74,0
DA:76,1
DA:78,1
DA:79,1
DA:83,1
LF:42
LH:31
BRDA:21,0,0,0
BRDA:21,0,1,1
BRDA:31,1,0,0
BRDA:31,1,1,1
BRDA:41,2,0,0
BRDA:41,2,1,1
BRDA:41,3,0,1
BRDA:41,3,1,0
BRDA:43,4,0,0
BRDA:43,4,1,0
BRDA:58,5,0,1
BRDA:58,5,1,1
BRDA:59,6,0,1
BRDA:59,6,1,1
BRDA:70,7,0,0
BRDA:70,7,1,1
BRDA:73,8,0,0
BRDA:73,8,1,1
BRF:18
BRH:10
end_of_record
TN:
SF:utils\appError.js
FN:2,(anonymous_0)
FNF:1
FNH:1
FNDA:7,(anonymous_0)
DA:3,7
DA:4,7
DA:5,7
DA:6,7
DA:7,7
DA:11,1
LF:6
LH:6
BRDA:4,0,0,7
BRDA:4,0,1,0
BRDA:5,1,0,7
BRDA:5,1,1,0
BRF:4
BRH:2
end_of_record
TN:
SF:utils\catchAsync.js
FN:1,(anonymous_0)
FN:1,(anonymous_1)
FNF:2
FNH:2
FNDA:73,(anonymous_0)
FNDA:16,(anonymous_1)
DA:1,73
DA:2,16
DA:5,1
LF:3
LH:3
BRF:0
BRH:0
end_of_record
TN:
SF:utils\sendEmail.js
FN:3,(anonymous_0)
FNF:1
FNH:0
FNDA:0,(anonymous_0)
DA:1,1
DA:3,1
DA:4,0
DA:13,0
DA:21,0
DA:24,1
LF:6
LH:3
BRF:0
BRH:0
end_of_record
TN:
SF:utils\validators\addressValidator.js
FN:10,(anonymous_0)
FN:11,(anonymous_1)
FN:13,(anonymous_2)
FNF:3
FNH:0
FNDA:0,(anonymous_0)
FNDA:0,(anonymous_1)
FNDA:0,(anonymous_2)
DA:1,1
DA:2,1
DA:3,1
DA:4,1
DA:6,1
DA:11,0
DA:12,0
DA:13,0
DA:15,0
DA:16,0
LF:10
LH:5
BRDA:15,0,0,0
BRDA:15,0,1,0
BRF:2
BRH:0
end_of_record
TN:
SF:utils\validators\authValidator.js
FN:13,(anonymous_0)
FN:23,(anonymous_1)
FN:24,(anonymous_2)
FN:36,(anonymous_3)
FNF:4
FNH:0
FNDA:0,(anonymous_0)
FNDA:0,(anonymous_1)
FNDA:0,(anonymous_2)
FNDA:0,(anonymous_3)
DA:1,1
DA:2,1
DA:3,1
DA:4,1
DA:5,1
DA:7,1
DA:14,0
DA:15,0
DA:24,0
DA:25,0
DA:26,0
DA:37,0
DA:38,0
DA:40,0
DA:58,1
LF:15
LH:7
BRDA:25,0,0,0
BRDA:25,0,1,0
BRDA:37,1,0,0
BRDA:37,1,1,0
BRF:4
BRH:0
end_of_record
TN:
SF:utils\validators\brandValidator.js
FNF:0
FNH:0
DA:1,1
DA:2,1
DA:6,1
DA:11,1
DA:22,1
DA:27,1
LF:6
LH:6
BRF:0
BRH:0
end_of_record
TN:
SF:utils\validators\categoryValidator.js
FNF:0
FNH:0
DA:1,1
DA:2,1
DA:6,1
DA:11,1
DA:22,1
DA:27,1
LF:6
LH:6
BRF:0
BRH:0
end_of_record
TN:
SF:utils\validators\productValidator.js
FN:15,(anonymous_0)
FN:45,(anonymous_1)
FN:65,(anonymous_2)
FN:66,(anonymous_3)
FN:78,(anonymous_4)
FN:80,(anonymous_5)
FN:89,(anonymous_6)
FN:99,(anonymous_7)
FN:101,(anonymous_8)
FN:103,(anonymous_9)
FN:107,(anonymous_10)
FN:107,(anonymous_11)
FN:143,(anonymous_12)
FNF:13
FNH:4
FNDA:1,(anonymous_0)
FNDA:0,(anonymous_1)
FNDA:1,(anonymous_2)
FNDA:1,(anonymous_3)
FNDA:0,(anonymous_4)
FNDA:0,(anonymous_5)
FNDA:0,(anonymous_6)
FNDA:0,(anonymous_7)
FNDA:0,(anonymous_8)
FNDA:0,(anonymous_9)
FNDA:0,(anonymous_10)
FNDA:0,(anonymous_11)
FNDA:1,(anonymous_12)
DA:1,1
DA:2,1
DA:3,1
DA:4,1
DA:5,1
DA:6,1
DA:7,1
DA:9,1
DA:16,1
DA:17,1
DA:46,0
DA:47,0
DA:49,0
DA:66,1
DA:67,1
DA:68,0
DA:80,0
DA:81,0
DA:83,0
DA:84,0
DA:88,0
DA:90,0
DA:91,0
DA:95,0
DA:100,0
DA:102,0
DA:103,0
DA:104,0
DA:107,0
DA:108,0
DA:109,0
DA:134,1
DA:139,1
DA:144,1
DA:145,1
DA:150,1
LF:36
LH:17
BRDA:46,0,0,0
BRDA:46,0,1,0
BRDA:67,1,0,0
BRDA:67,1,1,1
BRDA:83,2,0,0
BRDA:83,2,1,0
BRDA:90,3,0,0
BRDA:90,3,1,0
BRDA:108,4,0,0
BRDA:108,4,1,0
BRF:10
BRH:1
end_of_record
TN:
SF:utils\validators\reviewValidator.js
FN:17,(anonymous_0)
FN:20,(anonymous_1)
FN:42,(anonymous_2)
FN:44,(anonymous_3)
FN:65,(anonymous_4)
FN:68,(anonymous_5)
FNF:6
FNH:0
FNDA:0,(anonymous_0)
FNDA:0,(anonymous_1)
FNDA:0,(anonymous_2)
FNDA:0,(anonymous_3)
FNDA:0,(anonymous_4)
FNDA:0,(anonymous_5)
DA:1,1
DA:2,1
DA:3,1
DA:4,1
DA:6,1
DA:19,0
DA:22,0
DA:23,0
DA:33,1
DA:38,1
DA:44,0
DA:45,0
DA:46,0
DA:51,0
DA:52,0
DA:61,1
DA:67,0
DA:68,0
DA:69,0
DA:70,0
DA:76,0
DA:77,0
DA:83,0
LF:23
LH:8
BRDA:22,0,0,0
BRDA:22,0,1,0
BRDA:45,1,0,0
BRDA:45,1,1,0
BRDA:51,2,0,0
BRDA:51,2,1,0
BRDA:67,3,0,0
BRDA:67,3,1,0
BRDA:69,4,0,0
BRDA:69,4,1,0
BRDA:76,5,0,0
BRDA:76,5,1,0
BRF:12
BRH:0
end_of_record
TN:
SF:utils\validators\subCategoryValidator.js
FNF:0
FNH:0
DA:1,1
DA:2,1
DA:6,1
DA:11,1
DA:27,1
DA:32,1
LF:6
LH:6
BRF:0
BRH:0
end_of_record
TN:
SF:utils\validators\userValidator.js
FN:13,(anonymous_0)
FN:23,(anonymous_1)
FN:24,(anonymous_2)
FN:36,(anonymous_3)
FN:67,(anonymous_4)
FN:75,(anonymous_5)
FN:76,(anonymous_6)
FN:103,(anonymous_7)
FN:133,(anonymous_8)
FN:141,(anonymous_9)
FN:142,(anonymous_10)
FNF:11
FNH:0
FNDA:0,(anonymous_0)
FNDA:0,(anonymous_1)
FNDA:0,(anonymous_2)
FNDA:0,(anonymous_3)
FNDA:0,(anonymous_4)
FNDA:0,(anonymous_5)
FNDA:0,(anonymous_6)
FNDA:0,(anonymous_7)
FNDA:0,(anonymous_8)
FNDA:0,(anonymous_9)
FNDA:0,(anonymous_10)
DA:1,1
DA:2,1
DA:3,1
DA:4,1
DA:5,1
DA:7,1
DA:14,0
DA:15,0
DA:24,0
DA:25,0
DA:26,0
DA:37,0
DA:38,0
DA:40,0
DA:58,1
DA:63,1
DA:68,0
DA:69,0
DA:76,0
DA:77,0
DA:78,0
DA:92,1
DA:105,0
DA:106,0
DA:107,0
DA:110,0
DA:113,0
DA:117,0
DA:118,0
DA:120,0
DA:125,1
DA:130,1
DA:134,0
DA:135,0
DA:142,0
DA:143,0
DA:144,0
LF:37
LH:11
BRDA:25,0,0,0
BRDA:25,0,1,0
BRDA:37,1,0,0
BRDA:37,1,1,0
BRDA:77,2,0,0
BRDA:77,2,1,0
BRDA:106,3,0,0
BRDA:106,3,1,0
BRDA:110,4,0,0
BRDA:110,4,1,0
BRDA:117,5,0,0
BRDA:117,5,1,0
BRDA:143,6,0,0
BRDA:143,6,1,0
BRF:14
BRH:0
end_of_record
